<?xml version="1.0" encoding="UTF-8"?>
<TestRun id="fc161fef-cb79-46c6-b785-1affb2060ade" name="korwin@PRIZRAK 2011-03-20 22:07:37" runUser="prizrak\korwin" xmlns="http://microsoft.com/schemas/VisualStudio/TeamTest/2006">
  <TestRunConfiguration name="Local Test Run" id="5a73b72a-df80-45d9-9f6d-9d2468ef57a8">
    <Description>This is a default test run configuration for a local test run.</Description>
    <CodeCoverage keyFile="EFPocoAdapter\SigningKey.snk">
      <Regular>
        <CodeCoverageItem binaryFile="NorthwindEF.POCOAdapter\bin\Debug\NorthwindEF.POCOAdapter.dll" pdbFile="NorthwindEF.POCOAdapter\bin\Debug\NorthwindEF.POCOAdapter.pdb" instrumentInPlace="true" />
        <CodeCoverageItem binaryFile="EFPocoAdapter\bin\Debug\EFPocoAdapter.dll" pdbFile="EFPocoAdapter\bin\Debug\EFPocoAdapter.pdb" instrumentInPlace="true" />
      </Regular>
    </CodeCoverage>
    <Deployment runDeploymentRoot="D:\Projects\Softserve\Fotogallery\DataAccessLayer\EFPocoAdapter\TestResults\korwin_PRIZRAK 2011-03-20 22_07_37">
      <DeploymentItem filename="NorthwindEF.POCOAdapter\NorthwindEFModel.csdl" />
      <DeploymentItem filename="NorthwindEF.POCOAdapter\NorthwindEFModel.ssdl" />
      <DeploymentItem filename="D:\Projects\Softserve\Fotogallery\DataAccessLayer\EFPocoAdapter\EFPocoAdapter\bin\Debug\EFPocoAdapter.dll" />
      <DeploymentItem filename="D:\Projects\Softserve\Fotogallery\DataAccessLayer\EFPocoAdapter\NorthwindEF\bin\Debug\NorthwindEF.dll" />
      <DeploymentItem filename="NorthwindEF.POCOAdapter\NorthwindEFModel.msl" />
      <DeploymentItem filename="D:\Projects\Softserve\Fotogallery\DataAccessLayer\EFPocoAdapter\NorthwindEF.Territories\bin\Debug\NorthwindEF.Territories.dll" />
      <DeploymentItem filename="D:\Projects\Softserve\Fotogallery\DataAccessLayer\EFPocoAdapter\NorthwindEF.PocoAdapter\bin\Debug\NorthwindEF.POCOAdapter.dll" />
    </Deployment>
    <TestTypeSpecific>
      <WebTestRunConfiguration testTypeId="4e7599fa-5ecb-43e9-a887-cd63cf72d207">
        <Browser name="Internet Explorer 7.0">
          <Headers>
            <Header name="User-Agent" value="Mozilla/4.0 (compatible; MSIE 7.0; Windows NT 5.1)" />
            <Header name="Accept" value="*/*" />
            <Header name="Accept-Language" value="{{$IEAcceptLanguage}}" />
            <Header name="Accept-Encoding" value="GZIP" />
          </Headers>
        </Browser>
        <Network Name="LAN" BandwidthInKbps="0" />
      </WebTestRunConfiguration>
    </TestTypeSpecific>
  </TestRunConfiguration>
  <ResultSummary outcome="Failed">
    <Counters total="134" executed="134" passed="20" error="0" failed="114" timeout="0" aborted="0" inconclusive="0" passedButRunAborted="0" notRunnable="0" notExecuted="0" disconnected="0" warning="0" completed="0" inProgress="0" pending="0" />
  </ResultSummary>
  <Times creation="2011-03-20T22:07:37.6969549+02:00" queuing="2011-03-20T22:07:43.1912691+02:00" start="2011-03-20T22:07:45.0383748+02:00" finish="2011-03-20T22:08:02.2873614+02:00" />
  <TestDefinitions>
    <UnitTest name="SimpleLoad1" storage="d:\projects\softserve\fotogallery\dataaccesslayer\efpocoadapter\northwindef.tests\bin\debug\northwindef.tests.dll" id="507dc209-89a0-4ee4-1a44-81d3b4a17001">
      <Css projectStructure="" iteration="" />
      <Owners>
        <Owner name="" />
      </Owners>
      <Execution id="1a3d706c-1004-4d41-832e-ae4d14d02df5" />
      <TestMethod codeBase="D:\Projects\Softserve\Fotogallery\DataAccessLayer\EFPocoAdapter\NorthwindEF.Tests\bin\Debug\NorthwindEF.Tests.dll" adapterTypeName="Microsoft.VisualStudio.TestTools.TestTypes.Unit.UnitTestAdapter, Microsoft.VisualStudio.QualityTools.Tips.UnitTest.Adapter, Version=9.0.0.0, Culture=neutral, PublicKeyToken=b03f5f7f11d50a3a" className="NorthwindEF.Tests.UnitTest1, NorthwindEF.Tests" name="SimpleLoad1" />
    </UnitTest>
    <UnitTest name="ChangeTrackingTestNullableDate1" storage="d:\projects\softserve\fotogallery\dataaccesslayer\efpocoadapter\northwindef.tests\bin\debug\northwindef.tests.dll" id="fffbe5b7-7464-1dfc-47b6-998babca385b">
      <Css projectStructure="" iteration="" />
      <Owners>
        <Owner name="" />
      </Owners>
      <Execution id="980e267a-3d8d-4f49-b88c-2fca4246f821" />
      <TestMethod codeBase="D:\Projects\Softserve\Fotogallery\DataAccessLayer\EFPocoAdapter\NorthwindEF.Tests\bin\Debug\NorthwindEF.Tests.dll" adapterTypeName="Microsoft.VisualStudio.TestTools.TestTypes.Unit.UnitTestAdapter, Microsoft.VisualStudio.QualityTools.Tips.UnitTest.Adapter, Version=9.0.0.0, Culture=neutral, PublicKeyToken=b03f5f7f11d50a3a" className="NorthwindEF.Tests.ChangeTrackingTests, NorthwindEF.Tests" name="ChangeTrackingTestNullableDate1" />
    </UnitTest>
    <UnitTest name="ClearTest" storage="d:\projects\softserve\fotogallery\dataaccesslayer\efpocoadapter\northwindef.tests\bin\debug\northwindef.tests.dll" id="8d5aef6c-ac9e-184e-bf17-2a535a3aff61">
      <Css projectStructure="" iteration="" />
      <Owners>
        <Owner name="" />
      </Owners>
      <Execution id="0c57e4de-9317-43e7-a66e-02dfe6959a30" />
      <TestMethod codeBase="D:\Projects\Softserve\Fotogallery\DataAccessLayer\EFPocoAdapter\NorthwindEF.Tests\bin\Debug\NorthwindEF.Tests.dll" adapterTypeName="Microsoft.VisualStudio.TestTools.TestTypes.Unit.UnitTestAdapter, Microsoft.VisualStudio.QualityTools.Tips.UnitTest.Adapter, Version=9.0.0.0, Culture=neutral, PublicKeyToken=b03f5f7f11d50a3a" className="NorthwindEF.Tests.CollectionPropertiesTests, NorthwindEF.Tests" name="ClearTest" />
    </UnitTest>
    <UnitTest name="IndexerTest" storage="d:\projects\softserve\fotogallery\dataaccesslayer\efpocoadapter\northwindef.tests\bin\debug\northwindef.tests.dll" id="92f42e63-417f-16c8-84a7-b9992ffd8770">
      <Css projectStructure="" iteration="" />
      <Owners>
        <Owner name="" />
      </Owners>
      <Execution id="b3607658-8d9c-4eef-b793-6a226561cff6" />
      <TestMethod codeBase="D:\Projects\Softserve\Fotogallery\DataAccessLayer\EFPocoAdapter\NorthwindEF.Tests\bin\Debug\NorthwindEF.Tests.dll" adapterTypeName="Microsoft.VisualStudio.TestTools.TestTypes.Unit.UnitTestAdapter, Microsoft.VisualStudio.QualityTools.Tips.UnitTest.Adapter, Version=9.0.0.0, Culture=neutral, PublicKeyToken=b03f5f7f11d50a3a" className="NorthwindEF.Tests.CollectionPropertiesTests, NorthwindEF.Tests" name="IndexerTest" />
    </UnitTest>
    <UnitTest name="ChangeTrackingTestString2" storage="d:\projects\softserve\fotogallery\dataaccesslayer\efpocoadapter\northwindef.tests\bin\debug\northwindef.tests.dll" id="182c8aff-d23e-1801-a2b6-62ee375cce7a">
      <Css projectStructure="" iteration="" />
      <Owners>
        <Owner name="" />
      </Owners>
      <Execution id="39488fb9-862b-4c87-83d8-3c8201899339" />
      <TestMethod codeBase="D:\Projects\Softserve\Fotogallery\DataAccessLayer\EFPocoAdapter\NorthwindEF.Tests\bin\Debug\NorthwindEF.Tests.dll" adapterTypeName="Microsoft.VisualStudio.TestTools.TestTypes.Unit.UnitTestAdapter, Microsoft.VisualStudio.QualityTools.Tips.UnitTest.Adapter, Version=9.0.0.0, Culture=neutral, PublicKeyToken=b03f5f7f11d50a3a" className="NorthwindEF.Tests.ChangeTrackingTests, NorthwindEF.Tests" name="ChangeTrackingTestString2" />
    </UnitTest>
    <UnitTest name="QueryWithProxiesEnabledTest" storage="d:\projects\softserve\fotogallery\dataaccesslayer\efpocoadapter\northwindef.tests\bin\debug\northwindef.tests.dll" id="cb8ce0cc-de13-b70c-4ee8-fd4e0b0ccd57">
      <Css projectStructure="" iteration="" />
      <Owners>
        <Owner name="" />
      </Owners>
      <Execution id="9cff42d6-fdbe-449b-a945-594b3a9cda87" />
      <TestMethod codeBase="D:\Projects\Softserve\Fotogallery\DataAccessLayer\EFPocoAdapter\NorthwindEF.Tests\bin\Debug\NorthwindEF.Tests.dll" adapterTypeName="Microsoft.VisualStudio.TestTools.TestTypes.Unit.UnitTestAdapter, Microsoft.VisualStudio.QualityTools.Tips.UnitTest.Adapter, Version=9.0.0.0, Culture=neutral, PublicKeyToken=b03f5f7f11d50a3a" className="NorthwindEF.Tests.ProxiesTests, NorthwindEF.Tests" name="QueryWithProxiesEnabledTest" />
    </UnitTest>
    <UnitTest name="CanAttachProxyToAnotherContextTest" storage="d:\projects\softserve\fotogallery\dataaccesslayer\efpocoadapter\northwindef.tests\bin\debug\northwindef.tests.dll" id="cead6da7-fafd-f526-1dd9-a36ca94d750e">
      <Css projectStructure="" iteration="" />
      <Owners>
        <Owner name="" />
      </Owners>
      <Execution id="697af5b9-e53e-43e5-8247-0dfd11e3c1f1" />
      <TestMethod codeBase="D:\Projects\Softserve\Fotogallery\DataAccessLayer\EFPocoAdapter\NorthwindEF.Tests\bin\Debug\NorthwindEF.Tests.dll" adapterTypeName="Microsoft.VisualStudio.TestTools.TestTypes.Unit.UnitTestAdapter, Microsoft.VisualStudio.QualityTools.Tips.UnitTest.Adapter, Version=9.0.0.0, Culture=neutral, PublicKeyToken=b03f5f7f11d50a3a" className="NorthwindEF.Tests.DetachedTests, NorthwindEF.Tests" name="CanAttachProxyToAnotherContextTest" />
    </UnitTest>
    <UnitTest name="EFPocoContextFactoryTest2" storage="d:\projects\softserve\fotogallery\dataaccesslayer\efpocoadapter\northwindef.tests\bin\debug\northwindef.tests.dll" id="b10da09f-c43f-6dd6-5bea-01d77c30321a">
      <Css projectStructure="" iteration="" />
      <Owners>
        <Owner name="" />
      </Owners>
      <Execution id="64bb773d-0b2e-44f0-ba3e-a9cfd663d880" />
      <TestMethod codeBase="D:\Projects\Softserve\Fotogallery\DataAccessLayer\EFPocoAdapter\NorthwindEF.Tests\bin\Debug\NorthwindEF.Tests.dll" adapterTypeName="Microsoft.VisualStudio.TestTools.TestTypes.Unit.UnitTestAdapter, Microsoft.VisualStudio.QualityTools.Tips.UnitTest.Adapter, Version=9.0.0.0, Culture=neutral, PublicKeyToken=b03f5f7f11d50a3a" className="NorthwindEF.Tests.EFPocoContextFactoryTests, NorthwindEF.Tests" name="EFPocoContextFactoryTest2" />
    </UnitTest>
    <UnitTest name="AttachTest3" storage="d:\projects\softserve\fotogallery\dataaccesslayer\efpocoadapter\northwindef.tests\bin\debug\northwindef.tests.dll" id="00acdafd-ff03-b55e-3132-e36752377a69">
      <Css projectStructure="" iteration="" />
      <Owners>
        <Owner name="" />
      </Owners>
      <Execution id="9324576e-314d-4ade-9abb-9b3d38f1ec9d" />
      <TestMethod codeBase="D:\Projects\Softserve\Fotogallery\DataAccessLayer\EFPocoAdapter\NorthwindEF.Tests\bin\Debug\NorthwindEF.Tests.dll" adapterTypeName="Microsoft.VisualStudio.TestTools.TestTypes.Unit.UnitTestAdapter, Microsoft.VisualStudio.QualityTools.Tips.UnitTest.Adapter, Version=9.0.0.0, Culture=neutral, PublicKeyToken=b03f5f7f11d50a3a" className="NorthwindEF.Tests.EntitySetTests, NorthwindEF.Tests" name="AttachTest3" />
    </UnitTest>
    <UnitTest name="SkipTest" storage="d:\projects\softserve\fotogallery\dataaccesslayer\efpocoadapter\northwindef.tests\bin\debug\northwindef.tests.dll" id="23c204f0-efe1-1afe-e3a3-dfcd9e6212db">
      <Css projectStructure="" iteration="" />
      <Owners>
        <Owner name="" />
      </Owners>
      <Execution id="625bed21-22f8-4097-a003-3a1409a558ae" />
      <TestMethod codeBase="D:\Projects\Softserve\Fotogallery\DataAccessLayer\EFPocoAdapter\NorthwindEF.Tests\bin\Debug\NorthwindEF.Tests.dll" adapterTypeName="Microsoft.VisualStudio.TestTools.TestTypes.Unit.UnitTestAdapter, Microsoft.VisualStudio.QualityTools.Tips.UnitTest.Adapter, Version=9.0.0.0, Culture=neutral, PublicKeyToken=b03f5f7f11d50a3a" className="NorthwindEF.Tests.BuilderMethodsTests, NorthwindEF.Tests" name="SkipTest" />
    </UnitTest>
    <UnitTest name="CanAttachNonProxyToMultipleActiveContextsTest" storage="d:\projects\softserve\fotogallery\dataaccesslayer\efpocoadapter\northwindef.tests\bin\debug\northwindef.tests.dll" id="318e275c-da32-5d4a-eaf3-1a93aaf20913">
      <Css projectStructure="" iteration="" />
      <Owners>
        <Owner name="" />
      </Owners>
      <Execution id="e26cf557-c080-4526-be15-1f2aeb517eba" />
      <TestMethod codeBase="D:\Projects\Softserve\Fotogallery\DataAccessLayer\EFPocoAdapter\NorthwindEF.Tests\bin\Debug\NorthwindEF.Tests.dll" adapterTypeName="Microsoft.VisualStudio.TestTools.TestTypes.Unit.UnitTestAdapter, Microsoft.VisualStudio.QualityTools.Tips.UnitTest.Adapter, Version=9.0.0.0, Culture=neutral, PublicKeyToken=b03f5f7f11d50a3a" className="NorthwindEF.Tests.DetachedTests, NorthwindEF.Tests" name="CanAttachNonProxyToMultipleActiveContextsTest" />
    </UnitTest>
    <UnitTest name="EFPocoContextFactoryTest1" storage="d:\projects\softserve\fotogallery\dataaccesslayer\efpocoadapter\northwindef.tests\bin\debug\northwindef.tests.dll" id="a61c9bf1-8f36-32c4-a778-e51644d0aff5">
      <Css projectStructure="" iteration="" />
      <Owners>
        <Owner name="" />
      </Owners>
      <Execution id="0eb830a3-1668-4278-8bad-566f7e4bad11" />
      <TestMethod codeBase="D:\Projects\Softserve\Fotogallery\DataAccessLayer\EFPocoAdapter\NorthwindEF.Tests\bin\Debug\NorthwindEF.Tests.dll" adapterTypeName="Microsoft.VisualStudio.TestTools.TestTypes.Unit.UnitTestAdapter, Microsoft.VisualStudio.QualityTools.Tips.UnitTest.Adapter, Version=9.0.0.0, Culture=neutral, PublicKeyToken=b03f5f7f11d50a3a" className="NorthwindEF.Tests.EFPocoContextFactoryTests, NorthwindEF.Tests" name="EFPocoContextFactoryTest1" />
    </UnitTest>
    <UnitTest name="LazyLoadingShoundBeDisabledForDetachedEntitites2" storage="d:\projects\softserve\fotogallery\dataaccesslayer\efpocoadapter\northwindef.tests\bin\debug\northwindef.tests.dll" id="89e54ad2-c999-5107-eb8f-89d1089266b6">
      <Css projectStructure="" iteration="" />
      <Owners>
        <Owner name="" />
      </Owners>
      <Execution id="2d6d80fc-ebbd-45b9-a355-36384ba828b5" />
      <TestMethod codeBase="D:\Projects\Softserve\Fotogallery\DataAccessLayer\EFPocoAdapter\NorthwindEF.Tests\bin\Debug\NorthwindEF.Tests.dll" adapterTypeName="Microsoft.VisualStudio.TestTools.TestTypes.Unit.UnitTestAdapter, Microsoft.VisualStudio.QualityTools.Tips.UnitTest.Adapter, Version=9.0.0.0, Culture=neutral, PublicKeyToken=b03f5f7f11d50a3a" className="NorthwindEF.Tests.LazyLoadingTests, NorthwindEF.Tests" name="LazyLoadingShoundBeDisabledForDetachedEntitites2" />
    </UnitTest>
    <UnitTest name="MetadataWorkspaceTest" storage="d:\projects\softserve\fotogallery\dataaccesslayer\efpocoadapter\northwindef.tests\bin\debug\northwindef.tests.dll" id="0bd4d244-f566-2beb-c852-9c3ae10958cd">
      <Css projectStructure="" iteration="" />
      <Owners>
        <Owner name="" />
      </Owners>
      <Execution id="7dd88728-edb9-4da9-b9e7-45b38e086149" />
      <TestMethod codeBase="D:\Projects\Softserve\Fotogallery\DataAccessLayer\EFPocoAdapter\NorthwindEF.Tests\bin\Debug\NorthwindEF.Tests.dll" adapterTypeName="Microsoft.VisualStudio.TestTools.TestTypes.Unit.UnitTestAdapter, Microsoft.VisualStudio.QualityTools.Tips.UnitTest.Adapter, Version=9.0.0.0, Culture=neutral, PublicKeyToken=b03f5f7f11d50a3a" className="NorthwindEF.Tests.UnitTest1, NorthwindEF.Tests" name="MetadataWorkspaceTest" />
    </UnitTest>
    <UnitTest name="ChangeTrackingByteArray3" storage="d:\projects\softserve\fotogallery\dataaccesslayer\efpocoadapter\northwindef.tests\bin\debug\northwindef.tests.dll" id="987694a8-c501-7d04-c5d7-a1ac7dfb77c8">
      <Css projectStructure="" iteration="" />
      <Owners>
        <Owner name="" />
      </Owners>
      <Execution id="45e400a7-2aaa-43aa-b7f3-5f7b53a67b67" />
      <TestMethod codeBase="D:\Projects\Softserve\Fotogallery\DataAccessLayer\EFPocoAdapter\NorthwindEF.Tests\bin\Debug\NorthwindEF.Tests.dll" adapterTypeName="Microsoft.VisualStudio.TestTools.TestTypes.Unit.UnitTestAdapter, Microsoft.VisualStudio.QualityTools.Tips.UnitTest.Adapter, Version=9.0.0.0, Culture=neutral, PublicKeyToken=b03f5f7f11d50a3a" className="NorthwindEF.Tests.ChangeTrackingTests, NorthwindEF.Tests" name="ChangeTrackingByteArray3" />
    </UnitTest>
    <UnitTest name="OfTypeTest" storage="d:\projects\softserve\fotogallery\dataaccesslayer\efpocoadapter\northwindef.tests\bin\debug\northwindef.tests.dll" id="94dcb363-31c2-91bb-28f6-f209ed22e462">
      <Css projectStructure="" iteration="" />
      <Owners>
        <Owner name="" />
      </Owners>
      <Execution id="4831a900-02a5-41cd-a6fd-5a86f21fe0f6" />
      <TestMethod codeBase="D:\Projects\Softserve\Fotogallery\DataAccessLayer\EFPocoAdapter\NorthwindEF.Tests\bin\Debug\NorthwindEF.Tests.dll" adapterTypeName="Microsoft.VisualStudio.TestTools.TestTypes.Unit.UnitTestAdapter, Microsoft.VisualStudio.QualityTools.Tips.UnitTest.Adapter, Version=9.0.0.0, Culture=neutral, PublicKeyToken=b03f5f7f11d50a3a" className="NorthwindEF.Tests.BuilderMethodsTests, NorthwindEF.Tests" name="OfTypeTest" />
    </UnitTest>
    <UnitTest name="AutoWireUp1" storage="d:\projects\softserve\fotogallery\dataaccesslayer\efpocoadapter\northwindef.tests\bin\debug\northwindef.tests.dll" id="0536652a-a34a-1a5e-4720-fd8e1cdd024b">
      <Css projectStructure="" iteration="" />
      <Owners>
        <Owner name="" />
      </Owners>
      <Execution id="2fc30ff4-55bb-4ff8-bf15-2b43246ccd31" />
      <TestMethod codeBase="D:\Projects\Softserve\Fotogallery\DataAccessLayer\EFPocoAdapter\NorthwindEF.Tests\bin\Debug\NorthwindEF.Tests.dll" adapterTypeName="Microsoft.VisualStudio.TestTools.TestTypes.Unit.UnitTestAdapter, Microsoft.VisualStudio.QualityTools.Tips.UnitTest.Adapter, Version=9.0.0.0, Culture=neutral, PublicKeyToken=b03f5f7f11d50a3a" className="NorthwindEF.Tests.ReferencePropertiesTests, NorthwindEF.Tests" name="AutoWireUp1" />
    </UnitTest>
    <UnitTest name="OrderByTest" storage="d:\projects\softserve\fotogallery\dataaccesslayer\efpocoadapter\northwindef.tests\bin\debug\northwindef.tests.dll" id="45337e9a-64d0-af49-e7cd-5d962b3d32ab">
      <Css projectStructure="" iteration="" />
      <Owners>
        <Owner name="" />
      </Owners>
      <Execution id="fb62a80b-06b5-44fe-9c0d-e4df3529956f" />
      <TestMethod codeBase="D:\Projects\Softserve\Fotogallery\DataAccessLayer\EFPocoAdapter\NorthwindEF.Tests\bin\Debug\NorthwindEF.Tests.dll" adapterTypeName="Microsoft.VisualStudio.TestTools.TestTypes.Unit.UnitTestAdapter, Microsoft.VisualStudio.QualityTools.Tips.UnitTest.Adapter, Version=9.0.0.0, Culture=neutral, PublicKeyToken=b03f5f7f11d50a3a" className="NorthwindEF.Tests.BuilderMethodsTests, NorthwindEF.Tests" name="OrderByTest" />
    </UnitTest>
    <UnitTest name="GeneratePocoAdaptersToDirectory" storage="d:\projects\softserve\fotogallery\dataaccesslayer\efpocoadapter\northwindef.tests\bin\debug\northwindef.tests.dll" id="d22ace2c-69e6-a91e-ce9c-e37bb3e87ce1">
      <Css projectStructure="" iteration="" />
      <Owners>
        <Owner name="" />
      </Owners>
      <Execution id="04fb9d5c-02ef-46e2-9e93-cda44c6ceeb5" />
      <TestMethod codeBase="D:\Projects\Softserve\Fotogallery\DataAccessLayer\EFPocoAdapter\NorthwindEF.Tests\bin\Debug\NorthwindEF.Tests.dll" adapterTypeName="Microsoft.VisualStudio.TestTools.TestTypes.Unit.UnitTestAdapter, Microsoft.VisualStudio.QualityTools.Tips.UnitTest.Adapter, Version=9.0.0.0, Culture=neutral, PublicKeyToken=b03f5f7f11d50a3a" className="NorthwindEF.Tests.CodeGenTests, NorthwindEF.Tests" name="GeneratePocoAdaptersToDirectory" />
    </UnitTest>
    <UnitTest name="CompiledQueryTest2" storage="d:\projects\softserve\fotogallery\dataaccesslayer\efpocoadapter\northwindef.tests\bin\debug\northwindef.tests.dll" id="11dad64e-cf1a-f513-7844-96d494638643">
      <Css projectStructure="" iteration="" />
      <Owners>
        <Owner name="" />
      </Owners>
      <Execution id="d6665805-aa51-4a7b-879b-033e5d8cf95c" />
      <TestMethod codeBase="D:\Projects\Softserve\Fotogallery\DataAccessLayer\EFPocoAdapter\NorthwindEF.Tests\bin\Debug\NorthwindEF.Tests.dll" adapterTypeName="Microsoft.VisualStudio.TestTools.TestTypes.Unit.UnitTestAdapter, Microsoft.VisualStudio.QualityTools.Tips.UnitTest.Adapter, Version=9.0.0.0, Culture=neutral, PublicKeyToken=b03f5f7f11d50a3a" className="NorthwindEF.Tests.CompiledQueryTests, NorthwindEF.Tests" name="CompiledQueryTest2" />
    </UnitTest>
    <UnitTest name="ComplexTypeTests" storage="d:\projects\softserve\fotogallery\dataaccesslayer\efpocoadapter\northwindef.tests\bin\debug\northwindef.tests.dll" id="94d4c79f-9329-d6b0-c437-af0755425909">
      <Css projectStructure="" iteration="" />
      <Owners>
        <Owner name="" />
      </Owners>
      <Execution id="f14e3886-d724-494d-a19e-e32f2819b9bc" />
      <TestMethod codeBase="D:\Projects\Softserve\Fotogallery\DataAccessLayer\EFPocoAdapter\NorthwindEF.Tests\bin\Debug\NorthwindEF.Tests.dll" adapterTypeName="Microsoft.VisualStudio.TestTools.TestTypes.Unit.UnitTestAdapter, Microsoft.VisualStudio.QualityTools.Tips.UnitTest.Adapter, Version=9.0.0.0, Culture=neutral, PublicKeyToken=b03f5f7f11d50a3a" className="NorthwindEF.Tests.QueryTests, NorthwindEF.Tests" name="ComplexTypeTests" />
    </UnitTest>
    <UnitTest name="RemoveAtTest" storage="d:\projects\softserve\fotogallery\dataaccesslayer\efpocoadapter\northwindef.tests\bin\debug\northwindef.tests.dll" id="4f9cc1a1-c406-ce63-f590-6d0e6e31a17c">
      <Css projectStructure="" iteration="" />
      <Owners>
        <Owner name="" />
      </Owners>
      <Execution id="be181247-49d2-445e-9df7-c02527664361" />
      <TestMethod codeBase="D:\Projects\Softserve\Fotogallery\DataAccessLayer\EFPocoAdapter\NorthwindEF.Tests\bin\Debug\NorthwindEF.Tests.dll" adapterTypeName="Microsoft.VisualStudio.TestTools.TestTypes.Unit.UnitTestAdapter, Microsoft.VisualStudio.QualityTools.Tips.UnitTest.Adapter, Version=9.0.0.0, Culture=neutral, PublicKeyToken=b03f5f7f11d50a3a" className="NorthwindEF.Tests.CollectionPropertiesTests, NorthwindEF.Tests" name="RemoveAtTest" />
    </UnitTest>
    <UnitTest name="ApplyPropertyChangesTest" storage="d:\projects\softserve\fotogallery\dataaccesslayer\efpocoadapter\northwindef.tests\bin\debug\northwindef.tests.dll" id="d85893db-8079-faa5-1ee1-78196f28c6e4">
      <Css projectStructure="" iteration="" />
      <Owners>
        <Owner name="" />
      </Owners>
      <Execution id="d3455150-5fee-4de9-8838-404533c08a4e" />
      <TestMethod codeBase="D:\Projects\Softserve\Fotogallery\DataAccessLayer\EFPocoAdapter\NorthwindEF.Tests\bin\Debug\NorthwindEF.Tests.dll" adapterTypeName="Microsoft.VisualStudio.TestTools.TestTypes.Unit.UnitTestAdapter, Microsoft.VisualStudio.QualityTools.Tips.UnitTest.Adapter, Version=9.0.0.0, Culture=neutral, PublicKeyToken=b03f5f7f11d50a3a" className="NorthwindEF.Tests.DetachedTests, NorthwindEF.Tests" name="ApplyPropertyChangesTest" />
    </UnitTest>
    <UnitTest name="ElementTypeTest" storage="d:\projects\softserve\fotogallery\dataaccesslayer\efpocoadapter\northwindef.tests\bin\debug\northwindef.tests.dll" id="8fffa05e-8126-ae7c-9a9c-1fa6ad516c2e">
      <Css projectStructure="" iteration="" />
      <Owners>
        <Owner name="" />
      </Owners>
      <Execution id="8b4da3b7-b62a-4dde-b83d-ec43387d55af" />
      <TestMethod codeBase="D:\Projects\Softserve\Fotogallery\DataAccessLayer\EFPocoAdapter\NorthwindEF.Tests\bin\Debug\NorthwindEF.Tests.dll" adapterTypeName="Microsoft.VisualStudio.TestTools.TestTypes.Unit.UnitTestAdapter, Microsoft.VisualStudio.QualityTools.Tips.UnitTest.Adapter, Version=9.0.0.0, Culture=neutral, PublicKeyToken=b03f5f7f11d50a3a" className="NorthwindEF.Tests.QueryTests, NorthwindEF.Tests" name="ElementTypeTest" />
    </UnitTest>
    <UnitTest name="EFPocoContextFactoryTest3" storage="d:\projects\softserve\fotogallery\dataaccesslayer\efpocoadapter\northwindef.tests\bin\debug\northwindef.tests.dll" id="24f29ed2-452c-648b-dc3a-ee174e9f367b">
      <Css projectStructure="" iteration="" />
      <Owners>
        <Owner name="" />
      </Owners>
      <Execution id="9df9f3ce-5992-4807-bea5-9a66a4cb1c4b" />
      <TestMethod codeBase="D:\Projects\Softserve\Fotogallery\DataAccessLayer\EFPocoAdapter\NorthwindEF.Tests\bin\Debug\NorthwindEF.Tests.dll" adapterTypeName="Microsoft.VisualStudio.TestTools.TestTypes.Unit.UnitTestAdapter, Microsoft.VisualStudio.QualityTools.Tips.UnitTest.Adapter, Version=9.0.0.0, Culture=neutral, PublicKeyToken=b03f5f7f11d50a3a" className="NorthwindEF.Tests.EFPocoContextFactoryTests, NorthwindEF.Tests" name="EFPocoContextFactoryTest3" />
    </UnitTest>
    <UnitTest name="ContextInjectionWithInclude" storage="d:\projects\softserve\fotogallery\dataaccesslayer\efpocoadapter\northwindef.tests\bin\debug\northwindef.tests.dll" id="fb16c560-245f-8e00-9d6a-e7f528148668">
      <Css projectStructure="" iteration="" />
      <Owners>
        <Owner name="" />
      </Owners>
      <Execution id="8e4dd5b6-c465-4211-95c9-8d44c516c773" />
      <TestMethod codeBase="D:\Projects\Softserve\Fotogallery\DataAccessLayer\EFPocoAdapter\NorthwindEF.Tests\bin\Debug\NorthwindEF.Tests.dll" adapterTypeName="Microsoft.VisualStudio.TestTools.TestTypes.Unit.UnitTestAdapter, Microsoft.VisualStudio.QualityTools.Tips.UnitTest.Adapter, Version=9.0.0.0, Culture=neutral, PublicKeyToken=b03f5f7f11d50a3a" className="NorthwindEF.Tests.ContextInjectionTests, NorthwindEF.Tests" name="ContextInjectionWithInclude" />
    </UnitTest>
    <UnitTest name="ChangeTrackingUsingProxy4" storage="d:\projects\softserve\fotogallery\dataaccesslayer\efpocoadapter\northwindef.tests\bin\debug\northwindef.tests.dll" id="b1c7d6c9-8c8f-3e87-5558-0e12b7fcae85">
      <Css projectStructure="" iteration="" />
      <Owners>
        <Owner name="" />
      </Owners>
      <Execution id="0e0f5b0f-ec8b-4b1c-8ce3-cf29344ac0b8" />
      <TestMethod codeBase="D:\Projects\Softserve\Fotogallery\DataAccessLayer\EFPocoAdapter\NorthwindEF.Tests\bin\Debug\NorthwindEF.Tests.dll" adapterTypeName="Microsoft.VisualStudio.TestTools.TestTypes.Unit.UnitTestAdapter, Microsoft.VisualStudio.QualityTools.Tips.UnitTest.Adapter, Version=9.0.0.0, Culture=neutral, PublicKeyToken=b03f5f7f11d50a3a" className="NorthwindEF.Tests.ChangeTrackingTests, NorthwindEF.Tests" name="ChangeTrackingUsingProxy4" />
    </UnitTest>
    <UnitTest name="LazyLoading2" storage="d:\projects\softserve\fotogallery\dataaccesslayer\efpocoadapter\northwindef.tests\bin\debug\northwindef.tests.dll" id="049bc142-2e8f-20b4-96a6-79a3c5307694">
      <Css projectStructure="" iteration="" />
      <Owners>
        <Owner name="" />
      </Owners>
      <Execution id="3e4dd73a-5c5a-4bcc-a07e-63ddc04e504b" />
      <TestMethod codeBase="D:\Projects\Softserve\Fotogallery\DataAccessLayer\EFPocoAdapter\NorthwindEF.Tests\bin\Debug\NorthwindEF.Tests.dll" adapterTypeName="Microsoft.VisualStudio.TestTools.TestTypes.Unit.UnitTestAdapter, Microsoft.VisualStudio.QualityTools.Tips.UnitTest.Adapter, Version=9.0.0.0, Culture=neutral, PublicKeyToken=b03f5f7f11d50a3a" className="NorthwindEF.Tests.LazyLoadingTests, NorthwindEF.Tests" name="LazyLoading2" />
    </UnitTest>
    <UnitTest name="ChangeTrackingTestNulalbleDate2" storage="d:\projects\softserve\fotogallery\dataaccesslayer\efpocoadapter\northwindef.tests\bin\debug\northwindef.tests.dll" id="d6b725e8-bdbd-bb71-05f5-9133baa2d21c">
      <Css projectStructure="" iteration="" />
      <Owners>
        <Owner name="" />
      </Owners>
      <Execution id="08f65aff-2df2-41e8-b650-a4802d74f695" />
      <TestMethod codeBase="D:\Projects\Softserve\Fotogallery\DataAccessLayer\EFPocoAdapter\NorthwindEF.Tests\bin\Debug\NorthwindEF.Tests.dll" adapterTypeName="Microsoft.VisualStudio.TestTools.TestTypes.Unit.UnitTestAdapter, Microsoft.VisualStudio.QualityTools.Tips.UnitTest.Adapter, Version=9.0.0.0, Culture=neutral, PublicKeyToken=b03f5f7f11d50a3a" className="NorthwindEF.Tests.ChangeTrackingTests, NorthwindEF.Tests" name="ChangeTrackingTestNulalbleDate2" />
    </UnitTest>
    <UnitTest name="NullableResult1" storage="d:\projects\softserve\fotogallery\dataaccesslayer\efpocoadapter\northwindef.tests\bin\debug\northwindef.tests.dll" id="642f8b2b-f86e-0e79-a9a4-ccd87408c34d">
      <Css projectStructure="" iteration="" />
      <Owners>
        <Owner name="" />
      </Owners>
      <Execution id="13b09f51-203b-4f30-a4ef-e7c87a11eb69" />
      <TestMethod codeBase="D:\Projects\Softserve\Fotogallery\DataAccessLayer\EFPocoAdapter\NorthwindEF.Tests\bin\Debug\NorthwindEF.Tests.dll" adapterTypeName="Microsoft.VisualStudio.TestTools.TestTypes.Unit.UnitTestAdapter, Microsoft.VisualStudio.QualityTools.Tips.UnitTest.Adapter, Version=9.0.0.0, Culture=neutral, PublicKeyToken=b03f5f7f11d50a3a" className="NorthwindEF.Tests.QueryTests, NorthwindEF.Tests" name="NullableResult1" />
    </UnitTest>
    <UnitTest name="LazyLoadingShoundBeDisabledForDetachedEntitites4" storage="d:\projects\softserve\fotogallery\dataaccesslayer\efpocoadapter\northwindef.tests\bin\debug\northwindef.tests.dll" id="215037cd-7ff2-1200-40e9-ca7e22e864d6">
      <Css projectStructure="" iteration="" />
      <Owners>
        <Owner name="" />
      </Owners>
      <Execution id="d33e6364-6098-42ea-8b4d-b1e436e46f09" />
      <TestMethod codeBase="D:\Projects\Softserve\Fotogallery\DataAccessLayer\EFPocoAdapter\NorthwindEF.Tests\bin\Debug\NorthwindEF.Tests.dll" adapterTypeName="Microsoft.VisualStudio.TestTools.TestTypes.Unit.UnitTestAdapter, Microsoft.VisualStudio.QualityTools.Tips.UnitTest.Adapter, Version=9.0.0.0, Culture=neutral, PublicKeyToken=b03f5f7f11d50a3a" className="NorthwindEF.Tests.LazyLoadingTests, NorthwindEF.Tests" name="LazyLoadingShoundBeDisabledForDetachedEntitites4" />
    </UnitTest>
    <UnitTest name="GetEnumeratorTest" storage="d:\projects\softserve\fotogallery\dataaccesslayer\efpocoadapter\northwindef.tests\bin\debug\northwindef.tests.dll" id="bd97b791-283f-75ff-2b79-c76726267a42">
      <Css projectStructure="" iteration="" />
      <Owners>
        <Owner name="" />
      </Owners>
      <Execution id="1e64bbfa-efcf-431e-8a4c-44cf5c5cc538" />
      <TestMethod codeBase="D:\Projects\Softserve\Fotogallery\DataAccessLayer\EFPocoAdapter\NorthwindEF.Tests\bin\Debug\NorthwindEF.Tests.dll" adapterTypeName="Microsoft.VisualStudio.TestTools.TestTypes.Unit.UnitTestAdapter, Microsoft.VisualStudio.QualityTools.Tips.UnitTest.Adapter, Version=9.0.0.0, Culture=neutral, PublicKeyToken=b03f5f7f11d50a3a" className="NorthwindEF.Tests.QueryTests, NorthwindEF.Tests" name="GetEnumeratorTest" />
    </UnitTest>
    <UnitTest name="GeneratePocoContainer" storage="d:\projects\softserve\fotogallery\dataaccesslayer\efpocoadapter\northwindef.tests\bin\debug\northwindef.tests.dll" id="8b620baa-a6c8-5024-d5ff-7b31328102c0">
      <Css projectStructure="" iteration="" />
      <Owners>
        <Owner name="" />
      </Owners>
      <Execution id="9980f629-77a3-4075-ac25-a5f43315f622" />
      <TestMethod codeBase="D:\Projects\Softserve\Fotogallery\DataAccessLayer\EFPocoAdapter\NorthwindEF.Tests\bin\Debug\NorthwindEF.Tests.dll" adapterTypeName="Microsoft.VisualStudio.TestTools.TestTypes.Unit.UnitTestAdapter, Microsoft.VisualStudio.QualityTools.Tips.UnitTest.Adapter, Version=9.0.0.0, Culture=neutral, PublicKeyToken=b03f5f7f11d50a3a" className="NorthwindEF.Tests.CodeGenTests, NorthwindEF.Tests" name="GeneratePocoContainer" />
    </UnitTest>
    <UnitTest name="ExceptTest" storage="d:\projects\softserve\fotogallery\dataaccesslayer\efpocoadapter\northwindef.tests\bin\debug\northwindef.tests.dll" id="71995ef6-1d5d-8bdb-a1cc-116da569a224">
      <Css projectStructure="" iteration="" />
      <Owners>
        <Owner name="" />
      </Owners>
      <Execution id="0e1a4da1-9b91-4e39-be13-dc3e115f03b6" />
      <TestMethod codeBase="D:\Projects\Softserve\Fotogallery\DataAccessLayer\EFPocoAdapter\NorthwindEF.Tests\bin\Debug\NorthwindEF.Tests.dll" adapterTypeName="Microsoft.VisualStudio.TestTools.TestTypes.Unit.UnitTestAdapter, Microsoft.VisualStudio.QualityTools.Tips.UnitTest.Adapter, Version=9.0.0.0, Culture=neutral, PublicKeyToken=b03f5f7f11d50a3a" className="NorthwindEF.Tests.BuilderMethodsTests, NorthwindEF.Tests" name="ExceptTest" />
    </UnitTest>
    <UnitTest name="CanAttachDetachedProxyToMultipleActiveContextsTest" storage="d:\projects\softserve\fotogallery\dataaccesslayer\efpocoadapter\northwindef.tests\bin\debug\northwindef.tests.dll" id="873c1835-16aa-9876-4b64-6525c4b2bcea">
      <Css projectStructure="" iteration="" />
      <Owners>
        <Owner name="" />
      </Owners>
      <Execution id="68d01a11-39f7-4878-ae80-f70b44f6455a" />
      <TestMethod codeBase="D:\Projects\Softserve\Fotogallery\DataAccessLayer\EFPocoAdapter\NorthwindEF.Tests\bin\Debug\NorthwindEF.Tests.dll" adapterTypeName="Microsoft.VisualStudio.TestTools.TestTypes.Unit.UnitTestAdapter, Microsoft.VisualStudio.QualityTools.Tips.UnitTest.Adapter, Version=9.0.0.0, Culture=neutral, PublicKeyToken=b03f5f7f11d50a3a" className="NorthwindEF.Tests.DetachedTests, NorthwindEF.Tests" name="CanAttachDetachedProxyToMultipleActiveContextsTest" />
    </UnitTest>
    <UnitTest name="ProjectReferences1" storage="d:\projects\softserve\fotogallery\dataaccesslayer\efpocoadapter\northwindef.tests\bin\debug\northwindef.tests.dll" id="23fa54d4-610f-3371-3c55-7969512b24eb">
      <Css projectStructure="" iteration="" />
      <Owners>
        <Owner name="" />
      </Owners>
      <Execution id="2b2fa248-185d-46e1-b453-96cba1061710" />
      <TestMethod codeBase="D:\Projects\Softserve\Fotogallery\DataAccessLayer\EFPocoAdapter\NorthwindEF.Tests\bin\Debug\NorthwindEF.Tests.dll" adapterTypeName="Microsoft.VisualStudio.TestTools.TestTypes.Unit.UnitTestAdapter, Microsoft.VisualStudio.QualityTools.Tips.UnitTest.Adapter, Version=9.0.0.0, Culture=neutral, PublicKeyToken=b03f5f7f11d50a3a" className="NorthwindEF.Tests.QueryTests, NorthwindEF.Tests" name="ProjectReferences1" />
    </UnitTest>
    <UnitTest name="ChangeTrackingByteArray2" storage="d:\projects\softserve\fotogallery\dataaccesslayer\efpocoadapter\northwindef.tests\bin\debug\northwindef.tests.dll" id="0f28e599-96f7-c0ec-42d3-979d2b5bbfeb">
      <Css projectStructure="" iteration="" />
      <Owners>
        <Owner name="" />
      </Owners>
      <Execution id="139193ee-f1ef-4980-9aa8-d4f94793b417" />
      <TestMethod codeBase="D:\Projects\Softserve\Fotogallery\DataAccessLayer\EFPocoAdapter\NorthwindEF.Tests\bin\Debug\NorthwindEF.Tests.dll" adapterTypeName="Microsoft.VisualStudio.TestTools.TestTypes.Unit.UnitTestAdapter, Microsoft.VisualStudio.QualityTools.Tips.UnitTest.Adapter, Version=9.0.0.0, Culture=neutral, PublicKeyToken=b03f5f7f11d50a3a" className="NorthwindEF.Tests.ChangeTrackingTests, NorthwindEF.Tests" name="ChangeTrackingByteArray2" />
    </UnitTest>
    <UnitTest name="ChangeTrackingUsingProxyReference1" storage="d:\projects\softserve\fotogallery\dataaccesslayer\efpocoadapter\northwindef.tests\bin\debug\northwindef.tests.dll" id="ee55a1e2-1d8f-0e43-b3d9-fd791b69d975">
      <Css projectStructure="" iteration="" />
      <Owners>
        <Owner name="" />
      </Owners>
      <Execution id="85cab07a-1348-472c-aa25-ed168d3dd71a" />
      <TestMethod codeBase="D:\Projects\Softserve\Fotogallery\DataAccessLayer\EFPocoAdapter\NorthwindEF.Tests\bin\Debug\NorthwindEF.Tests.dll" adapterTypeName="Microsoft.VisualStudio.TestTools.TestTypes.Unit.UnitTestAdapter, Microsoft.VisualStudio.QualityTools.Tips.UnitTest.Adapter, Version=9.0.0.0, Culture=neutral, PublicKeyToken=b03f5f7f11d50a3a" className="NorthwindEF.Tests.ChangeTrackingTests, NorthwindEF.Tests" name="ChangeTrackingUsingProxyReference1" />
    </UnitTest>
    <UnitTest name="ChangeTrackingUsingProxy1" storage="d:\projects\softserve\fotogallery\dataaccesslayer\efpocoadapter\northwindef.tests\bin\debug\northwindef.tests.dll" id="e983cdd7-4651-45c0-1158-00c7bedc0ff0">
      <Css projectStructure="" iteration="" />
      <Owners>
        <Owner name="" />
      </Owners>
      <Execution id="9048b969-0052-45c1-8f48-03f4973b382d" />
      <TestMethod codeBase="D:\Projects\Softserve\Fotogallery\DataAccessLayer\EFPocoAdapter\NorthwindEF.Tests\bin\Debug\NorthwindEF.Tests.dll" adapterTypeName="Microsoft.VisualStudio.TestTools.TestTypes.Unit.UnitTestAdapter, Microsoft.VisualStudio.QualityTools.Tips.UnitTest.Adapter, Version=9.0.0.0, Culture=neutral, PublicKeyToken=b03f5f7f11d50a3a" className="NorthwindEF.Tests.ChangeTrackingTests, NorthwindEF.Tests" name="ChangeTrackingUsingProxy1" />
    </UnitTest>
    <UnitTest name="CanAttachDetachedProxyToAnotherContextTest" storage="d:\projects\softserve\fotogallery\dataaccesslayer\efpocoadapter\northwindef.tests\bin\debug\northwindef.tests.dll" id="79c5426e-3b56-d732-a601-68ab5de528b2">
      <Css projectStructure="" iteration="" />
      <Owners>
        <Owner name="" />
      </Owners>
      <Execution id="390acc29-e88e-4998-ad15-83546a71f46c" />
      <TestMethod codeBase="D:\Projects\Softserve\Fotogallery\DataAccessLayer\EFPocoAdapter\NorthwindEF.Tests\bin\Debug\NorthwindEF.Tests.dll" adapterTypeName="Microsoft.VisualStudio.TestTools.TestTypes.Unit.UnitTestAdapter, Microsoft.VisualStudio.QualityTools.Tips.UnitTest.Adapter, Version=9.0.0.0, Culture=neutral, PublicKeyToken=b03f5f7f11d50a3a" className="NorthwindEF.Tests.DetachedTests, NorthwindEF.Tests" name="CanAttachDetachedProxyToAnotherContextTest" />
    </UnitTest>
    <UnitTest name="GeneratePocoAdapterAssemblyWithBadOCMapping" storage="d:\projects\softserve\fotogallery\dataaccesslayer\efpocoadapter\northwindef.tests\bin\debug\northwindef.tests.dll" id="b1b1e715-8374-6d86-619d-7269d01bdd82">
      <Css projectStructure="" iteration="" />
      <Owners>
        <Owner name="" />
      </Owners>
      <Execution id="67d1b249-02d0-49b9-a55b-51b2a8b25280" />
      <TestMethod codeBase="D:\Projects\Softserve\Fotogallery\DataAccessLayer\EFPocoAdapter\NorthwindEF.Tests\bin\Debug\NorthwindEF.Tests.dll" adapterTypeName="Microsoft.VisualStudio.TestTools.TestTypes.Unit.UnitTestAdapter, Microsoft.VisualStudio.QualityTools.Tips.UnitTest.Adapter, Version=9.0.0.0, Culture=neutral, PublicKeyToken=b03f5f7f11d50a3a" className="NorthwindEF.Tests.CodeGenTests, NorthwindEF.Tests" name="GeneratePocoAdapterAssemblyWithBadOCMapping" />
    </UnitTest>
    <UnitTest name="LazyLoadingShoundBeDisabledForDetachedEntitites" storage="d:\projects\softserve\fotogallery\dataaccesslayer\efpocoadapter\northwindef.tests\bin\debug\northwindef.tests.dll" id="2bd6fc76-2a3a-cd5f-52e9-acced9a7a383">
      <Css projectStructure="" iteration="" />
      <Owners>
        <Owner name="" />
      </Owners>
      <Execution id="3f7cb349-f800-400a-b4af-8696c36661fa" />
      <TestMethod codeBase="D:\Projects\Softserve\Fotogallery\DataAccessLayer\EFPocoAdapter\NorthwindEF.Tests\bin\Debug\NorthwindEF.Tests.dll" adapterTypeName="Microsoft.VisualStudio.TestTools.TestTypes.Unit.UnitTestAdapter, Microsoft.VisualStudio.QualityTools.Tips.UnitTest.Adapter, Version=9.0.0.0, Culture=neutral, PublicKeyToken=b03f5f7f11d50a3a" className="NorthwindEF.Tests.LazyLoadingTests, NorthwindEF.Tests" name="LazyLoadingShoundBeDisabledForDetachedEntitites" />
    </UnitTest>
    <UnitTest name="SimpleContextInjection" storage="d:\projects\softserve\fotogallery\dataaccesslayer\efpocoadapter\northwindef.tests\bin\debug\northwindef.tests.dll" id="fa1a2292-0be0-c753-64c3-1a77380bb049">
      <Css projectStructure="" iteration="" />
      <Owners>
        <Owner name="" />
      </Owners>
      <Execution id="af946c34-c1e0-4230-b533-4f2add915499" />
      <TestMethod codeBase="D:\Projects\Softserve\Fotogallery\DataAccessLayer\EFPocoAdapter\NorthwindEF.Tests\bin\Debug\NorthwindEF.Tests.dll" adapterTypeName="Microsoft.VisualStudio.TestTools.TestTypes.Unit.UnitTestAdapter, Microsoft.VisualStudio.QualityTools.Tips.UnitTest.Adapter, Version=9.0.0.0, Culture=neutral, PublicKeyToken=b03f5f7f11d50a3a" className="NorthwindEF.Tests.ContextInjectionTests, NorthwindEF.Tests" name="SimpleContextInjection" />
    </UnitTest>
    <UnitTest name="WrappedContextTests" storage="d:\projects\softserve\fotogallery\dataaccesslayer\efpocoadapter\northwindef.tests\bin\debug\northwindef.tests.dll" id="01cf82ba-4a31-70c6-2803-876024d73086">
      <Css projectStructure="" iteration="" />
      <Owners>
        <Owner name="" />
      </Owners>
      <Execution id="de93b18f-5be8-482a-b54f-1c8123f16bd5" />
      <TestMethod codeBase="D:\Projects\Softserve\Fotogallery\DataAccessLayer\EFPocoAdapter\NorthwindEF.Tests\bin\Debug\NorthwindEF.Tests.dll" adapterTypeName="Microsoft.VisualStudio.TestTools.TestTypes.Unit.UnitTestAdapter, Microsoft.VisualStudio.QualityTools.Tips.UnitTest.Adapter, Version=9.0.0.0, Culture=neutral, PublicKeyToken=b03f5f7f11d50a3a" className="NorthwindEF.Tests.UnitTest1, NorthwindEF.Tests" name="WrappedContextTests" />
    </UnitTest>
    <UnitTest name="RemoveTest" storage="d:\projects\softserve\fotogallery\dataaccesslayer\efpocoadapter\northwindef.tests\bin\debug\northwindef.tests.dll" id="aa1e6e17-8e16-a505-9f5c-dbb859cab6c5">
      <Css projectStructure="" iteration="" />
      <Owners>
        <Owner name="" />
      </Owners>
      <Execution id="e46393ac-d80d-439a-a0be-0e7dec9dfcff" />
      <TestMethod codeBase="D:\Projects\Softserve\Fotogallery\DataAccessLayer\EFPocoAdapter\NorthwindEF.Tests\bin\Debug\NorthwindEF.Tests.dll" adapterTypeName="Microsoft.VisualStudio.TestTools.TestTypes.Unit.UnitTestAdapter, Microsoft.VisualStudio.QualityTools.Tips.UnitTest.Adapter, Version=9.0.0.0, Culture=neutral, PublicKeyToken=b03f5f7f11d50a3a" className="NorthwindEF.Tests.CollectionPropertiesTests, NorthwindEF.Tests" name="RemoveTest" />
    </UnitTest>
    <UnitTest name="ChangeTrackingValueType1" storage="d:\projects\softserve\fotogallery\dataaccesslayer\efpocoadapter\northwindef.tests\bin\debug\northwindef.tests.dll" id="20c177db-29cf-f573-468d-5e5db659c3bc">
      <Css projectStructure="" iteration="" />
      <Owners>
        <Owner name="" />
      </Owners>
      <Execution id="d821ac40-7cd4-491a-8aaf-155428e01c5e" />
      <TestMethod codeBase="D:\Projects\Softserve\Fotogallery\DataAccessLayer\EFPocoAdapter\NorthwindEF.Tests\bin\Debug\NorthwindEF.Tests.dll" adapterTypeName="Microsoft.VisualStudio.TestTools.TestTypes.Unit.UnitTestAdapter, Microsoft.VisualStudio.QualityTools.Tips.UnitTest.Adapter, Version=9.0.0.0, Culture=neutral, PublicKeyToken=b03f5f7f11d50a3a" className="NorthwindEF.Tests.ChangeTrackingTests, NorthwindEF.Tests" name="ChangeTrackingValueType1" />
    </UnitTest>
    <UnitTest name="LazyLoadingShoundBeDisabledForAddedEntitites" storage="d:\projects\softserve\fotogallery\dataaccesslayer\efpocoadapter\northwindef.tests\bin\debug\northwindef.tests.dll" id="1996f95d-ee37-ec2b-02a6-5587b03fa8ff">
      <Css projectStructure="" iteration="" />
      <Owners>
        <Owner name="" />
      </Owners>
      <Execution id="05c722fc-c1b8-4ba2-bdeb-c97f9bb91582" />
      <TestMethod codeBase="D:\Projects\Softserve\Fotogallery\DataAccessLayer\EFPocoAdapter\NorthwindEF.Tests\bin\Debug\NorthwindEF.Tests.dll" adapterTypeName="Microsoft.VisualStudio.TestTools.TestTypes.Unit.UnitTestAdapter, Microsoft.VisualStudio.QualityTools.Tips.UnitTest.Adapter, Version=9.0.0.0, Culture=neutral, PublicKeyToken=b03f5f7f11d50a3a" className="NorthwindEF.Tests.BugRegressionTests, NorthwindEF.Tests" name="LazyLoadingShoundBeDisabledForAddedEntitites" />
    </UnitTest>
    <UnitTest name="CanAttachNonProxyToAnotherContextTest" storage="d:\projects\softserve\fotogallery\dataaccesslayer\efpocoadapter\northwindef.tests\bin\debug\northwindef.tests.dll" id="500bfa84-af0d-b9cb-0f96-b239790b2af1">
      <Css projectStructure="" iteration="" />
      <Owners>
        <Owner name="" />
      </Owners>
      <Execution id="4d84344a-efa4-4db9-ac04-5abe1a048c73" />
      <TestMethod codeBase="D:\Projects\Softserve\Fotogallery\DataAccessLayer\EFPocoAdapter\NorthwindEF.Tests\bin\Debug\NorthwindEF.Tests.dll" adapterTypeName="Microsoft.VisualStudio.TestTools.TestTypes.Unit.UnitTestAdapter, Microsoft.VisualStudio.QualityTools.Tips.UnitTest.Adapter, Version=9.0.0.0, Culture=neutral, PublicKeyToken=b03f5f7f11d50a3a" className="NorthwindEF.Tests.DetachedTests, NorthwindEF.Tests" name="CanAttachNonProxyToAnotherContextTest" />
    </UnitTest>
    <UnitTest name="IndexerNegativeTest1" storage="d:\projects\softserve\fotogallery\dataaccesslayer\efpocoadapter\northwindef.tests\bin\debug\northwindef.tests.dll" id="4579655d-673b-db7c-be05-ef04d266eba7">
      <Css projectStructure="" iteration="" />
      <Owners>
        <Owner name="" />
      </Owners>
      <Execution id="9584ce6d-0099-4818-b360-fad5a8335583" />
      <TestMethod codeBase="D:\Projects\Softserve\Fotogallery\DataAccessLayer\EFPocoAdapter\NorthwindEF.Tests\bin\Debug\NorthwindEF.Tests.dll" adapterTypeName="Microsoft.VisualStudio.TestTools.TestTypes.Unit.UnitTestAdapter, Microsoft.VisualStudio.QualityTools.Tips.UnitTest.Adapter, Version=9.0.0.0, Culture=neutral, PublicKeyToken=b03f5f7f11d50a3a" className="NorthwindEF.Tests.CollectionPropertiesTests, NorthwindEF.Tests" name="IndexerNegativeTest1" />
    </UnitTest>
    <UnitTest name="PublicSurfaceTest2" storage="d:\projects\softserve\fotogallery\dataaccesslayer\efpocoadapter\northwindef.tests\bin\debug\northwindef.tests.dll" id="523ace16-7533-61e8-6dcf-c3977413a79c">
      <Css projectStructure="" iteration="" />
      <Owners>
        <Owner name="" />
      </Owners>
      <Execution id="915b3719-d0df-4a8f-90de-cf13d11b3c47" />
      <TestMethod codeBase="D:\Projects\Softserve\Fotogallery\DataAccessLayer\EFPocoAdapter\NorthwindEF.Tests\bin\Debug\NorthwindEF.Tests.dll" adapterTypeName="Microsoft.VisualStudio.TestTools.TestTypes.Unit.UnitTestAdapter, Microsoft.VisualStudio.QualityTools.Tips.UnitTest.Adapter, Version=9.0.0.0, Culture=neutral, PublicKeyToken=b03f5f7f11d50a3a" className="NorthwindEF.Tests.PublicSurfaceTests, NorthwindEF.Tests" name="PublicSurfaceTest2" />
    </UnitTest>
    <UnitTest name="UnattachedOperationsOnAdapters" storage="d:\projects\softserve\fotogallery\dataaccesslayer\efpocoadapter\northwindef.tests\bin\debug\northwindef.tests.dll" id="6539fc59-6fd5-dc7e-42a0-81298303d1f4">
      <Css projectStructure="" iteration="" />
      <Owners>
        <Owner name="" />
      </Owners>
      <Execution id="10205e3d-664c-4a7b-913b-d0018bf8f709" />
      <TestMethod codeBase="D:\Projects\Softserve\Fotogallery\DataAccessLayer\EFPocoAdapter\NorthwindEF.Tests\bin\Debug\NorthwindEF.Tests.dll" adapterTypeName="Microsoft.VisualStudio.TestTools.TestTypes.Unit.UnitTestAdapter, Microsoft.VisualStudio.QualityTools.Tips.UnitTest.Adapter, Version=9.0.0.0, Culture=neutral, PublicKeyToken=b03f5f7f11d50a3a" className="NorthwindEF.Tests.UnitTest1, NorthwindEF.Tests" name="UnattachedOperationsOnAdapters" />
    </UnitTest>
    <UnitTest name="ConvertAndCompare" storage="d:\projects\softserve\fotogallery\dataaccesslayer\efpocoadapter\northwindef.tests\bin\debug\northwindef.tests.dll" id="a698a4c7-3f39-4624-0176-9ffec7c6db62">
      <Css projectStructure="" iteration="" />
      <Owners>
        <Owner name="" />
      </Owners>
      <Execution id="e338ac4b-95c5-4c13-8bc8-14bafcf4407a" />
      <TestMethod codeBase="D:\Projects\Softserve\Fotogallery\DataAccessLayer\EFPocoAdapter\NorthwindEF.Tests\bin\Debug\NorthwindEF.Tests.dll" adapterTypeName="Microsoft.VisualStudio.TestTools.TestTypes.Unit.UnitTestAdapter, Microsoft.VisualStudio.QualityTools.Tips.UnitTest.Adapter, Version=9.0.0.0, Culture=neutral, PublicKeyToken=b03f5f7f11d50a3a" className="NorthwindEF.Tests.ProxiesTests, NorthwindEF.Tests" name="ConvertAndCompare" />
    </UnitTest>
    <UnitTest name="IEntityProxyTest" storage="d:\projects\softserve\fotogallery\dataaccesslayer\efpocoadapter\northwindef.tests\bin\debug\northwindef.tests.dll" id="2a77a37b-226e-f660-0805-70f415cda8ba">
      <Css projectStructure="" iteration="" />
      <Owners>
        <Owner name="" />
      </Owners>
      <Execution id="c0f9de44-e1e2-4555-b502-127ad0a0f5f8" />
      <TestMethod codeBase="D:\Projects\Softserve\Fotogallery\DataAccessLayer\EFPocoAdapter\NorthwindEF.Tests\bin\Debug\NorthwindEF.Tests.dll" adapterTypeName="Microsoft.VisualStudio.TestTools.TestTypes.Unit.UnitTestAdapter, Microsoft.VisualStudio.QualityTools.Tips.UnitTest.Adapter, Version=9.0.0.0, Culture=neutral, PublicKeyToken=b03f5f7f11d50a3a" className="NorthwindEF.Tests.ProxiesTests, NorthwindEF.Tests" name="IEntityProxyTest" />
    </UnitTest>
    <UnitTest name="CategoriesTest" storage="d:\projects\softserve\fotogallery\dataaccesslayer\efpocoadapter\northwindef.tests\bin\debug\northwindef.tests.dll" id="f682572f-3b5a-5971-c419-5fbfb86b883b">
      <Css projectStructure="" iteration="" />
      <Owners>
        <Owner name="" />
      </Owners>
      <Execution id="5d475d28-bfd4-4091-a1e3-1c2f0ed36b2c" />
      <TestMethod codeBase="D:\Projects\Softserve\Fotogallery\DataAccessLayer\EFPocoAdapter\NorthwindEF.Tests\bin\Debug\NorthwindEF.Tests.dll" adapterTypeName="Microsoft.VisualStudio.TestTools.TestTypes.Unit.UnitTestAdapter, Microsoft.VisualStudio.QualityTools.Tips.UnitTest.Adapter, Version=9.0.0.0, Culture=neutral, PublicKeyToken=b03f5f7f11d50a3a" className="NorthwindEF.Tests.EntitySetTests, NorthwindEF.Tests" name="CategoriesTest" />
    </UnitTest>
    <UnitTest name="ExplicitLoadingNegative3" storage="d:\projects\softserve\fotogallery\dataaccesslayer\efpocoadapter\northwindef.tests\bin\debug\northwindef.tests.dll" id="e2d60138-5237-958e-c6d9-433b066a75b3">
      <Css projectStructure="" iteration="" />
      <Owners>
        <Owner name="" />
      </Owners>
      <Execution id="3e0ff789-9e3a-4f2f-a4ac-7e7e5e583b01" />
      <TestMethod codeBase="D:\Projects\Softserve\Fotogallery\DataAccessLayer\EFPocoAdapter\NorthwindEF.Tests\bin\Debug\NorthwindEF.Tests.dll" adapterTypeName="Microsoft.VisualStudio.TestTools.TestTypes.Unit.UnitTestAdapter, Microsoft.VisualStudio.QualityTools.Tips.UnitTest.Adapter, Version=9.0.0.0, Culture=neutral, PublicKeyToken=b03f5f7f11d50a3a" className="NorthwindEF.Tests.LazyLoadingTests, NorthwindEF.Tests" name="ExplicitLoadingNegative3" />
    </UnitTest>
    <UnitTest name="EFPocoContextFactoryTest4" storage="d:\projects\softserve\fotogallery\dataaccesslayer\efpocoadapter\northwindef.tests\bin\debug\northwindef.tests.dll" id="89297101-f5c6-b15a-d177-a75805fe2c10">
      <Css projectStructure="" iteration="" />
      <Owners>
        <Owner name="" />
      </Owners>
      <Execution id="23c723df-5390-4c1a-969c-fd3403a6aec6" />
      <TestMethod codeBase="D:\Projects\Softserve\Fotogallery\DataAccessLayer\EFPocoAdapter\NorthwindEF.Tests\bin\Debug\NorthwindEF.Tests.dll" adapterTypeName="Microsoft.VisualStudio.TestTools.TestTypes.Unit.UnitTestAdapter, Microsoft.VisualStudio.QualityTools.Tips.UnitTest.Adapter, Version=9.0.0.0, Culture=neutral, PublicKeyToken=b03f5f7f11d50a3a" className="NorthwindEF.Tests.EFPocoContextFactoryTests, NorthwindEF.Tests" name="EFPocoContextFactoryTest4" />
    </UnitTest>
    <UnitTest name="PublicSurfaceTest3" storage="d:\projects\softserve\fotogallery\dataaccesslayer\efpocoadapter\northwindef.tests\bin\debug\northwindef.tests.dll" id="157974d1-2bb7-9531-4807-8723b138ee57">
      <Css projectStructure="" iteration="" />
      <Owners>
        <Owner name="" />
      </Owners>
      <Execution id="09d0f353-8e6c-4f86-a3eb-2323dad09415" />
      <TestMethod codeBase="D:\Projects\Softserve\Fotogallery\DataAccessLayer\EFPocoAdapter\NorthwindEF.Tests\bin\Debug\NorthwindEF.Tests.dll" adapterTypeName="Microsoft.VisualStudio.TestTools.TestTypes.Unit.UnitTestAdapter, Microsoft.VisualStudio.QualityTools.Tips.UnitTest.Adapter, Version=9.0.0.0, Culture=neutral, PublicKeyToken=b03f5f7f11d50a3a" className="NorthwindEF.Tests.PublicSurfaceTests, NorthwindEF.Tests" name="PublicSurfaceTest3" />
    </UnitTest>
    <UnitTest name="ChangeTrackingUsingProxy5" storage="d:\projects\softserve\fotogallery\dataaccesslayer\efpocoadapter\northwindef.tests\bin\debug\northwindef.tests.dll" id="cba82877-7b39-9850-ed4f-e09cd3c3fb13">
      <Css projectStructure="" iteration="" />
      <Owners>
        <Owner name="" />
      </Owners>
      <Execution id="728bdfeb-b43c-42a4-855e-c686dc397e1a" />
      <TestMethod codeBase="D:\Projects\Softserve\Fotogallery\DataAccessLayer\EFPocoAdapter\NorthwindEF.Tests\bin\Debug\NorthwindEF.Tests.dll" adapterTypeName="Microsoft.VisualStudio.TestTools.TestTypes.Unit.UnitTestAdapter, Microsoft.VisualStudio.QualityTools.Tips.UnitTest.Adapter, Version=9.0.0.0, Culture=neutral, PublicKeyToken=b03f5f7f11d50a3a" className="NorthwindEF.Tests.ChangeTrackingTests, NorthwindEF.Tests" name="ChangeTrackingUsingProxy5" />
    </UnitTest>
    <UnitTest name="AttachTest4" storage="d:\projects\softserve\fotogallery\dataaccesslayer\efpocoadapter\northwindef.tests\bin\debug\northwindef.tests.dll" id="5be65b38-5088-ac3b-321e-c701f1651c20">
      <Css projectStructure="" iteration="" />
      <Owners>
        <Owner name="" />
      </Owners>
      <Execution id="8248fa66-5907-400f-9ef2-b983950da2d2" />
      <TestMethod codeBase="D:\Projects\Softserve\Fotogallery\DataAccessLayer\EFPocoAdapter\NorthwindEF.Tests\bin\Debug\NorthwindEF.Tests.dll" adapterTypeName="Microsoft.VisualStudio.TestTools.TestTypes.Unit.UnitTestAdapter, Microsoft.VisualStudio.QualityTools.Tips.UnitTest.Adapter, Version=9.0.0.0, Culture=neutral, PublicKeyToken=b03f5f7f11d50a3a" className="NorthwindEF.Tests.EntitySetTests, NorthwindEF.Tests" name="AttachTest4" />
    </UnitTest>
    <UnitTest name="LazyLoading1" storage="d:\projects\softserve\fotogallery\dataaccesslayer\efpocoadapter\northwindef.tests\bin\debug\northwindef.tests.dll" id="22b96c4d-272a-e43c-38b1-165927b122f8">
      <Css projectStructure="" iteration="" />
      <Owners>
        <Owner name="" />
      </Owners>
      <Execution id="f52e727f-26c5-49a9-9d4d-effcba530db6" />
      <TestMethod codeBase="D:\Projects\Softserve\Fotogallery\DataAccessLayer\EFPocoAdapter\NorthwindEF.Tests\bin\Debug\NorthwindEF.Tests.dll" adapterTypeName="Microsoft.VisualStudio.TestTools.TestTypes.Unit.UnitTestAdapter, Microsoft.VisualStudio.QualityTools.Tips.UnitTest.Adapter, Version=9.0.0.0, Culture=neutral, PublicKeyToken=b03f5f7f11d50a3a" className="NorthwindEF.Tests.LazyLoadingTests, NorthwindEF.Tests" name="LazyLoading1" />
    </UnitTest>
    <UnitTest name="NestedQuery2" storage="d:\projects\softserve\fotogallery\dataaccesslayer\efpocoadapter\northwindef.tests\bin\debug\northwindef.tests.dll" id="1b282046-210d-e1e8-d549-d8e2debd04f5">
      <Css projectStructure="" iteration="" />
      <Owners>
        <Owner name="" />
      </Owners>
      <Execution id="712f3062-bbed-484e-9e53-8a17a448c07c" />
      <TestMethod codeBase="D:\Projects\Softserve\Fotogallery\DataAccessLayer\EFPocoAdapter\NorthwindEF.Tests\bin\Debug\NorthwindEF.Tests.dll" adapterTypeName="Microsoft.VisualStudio.TestTools.TestTypes.Unit.UnitTestAdapter, Microsoft.VisualStudio.QualityTools.Tips.UnitTest.Adapter, Version=9.0.0.0, Culture=neutral, PublicKeyToken=b03f5f7f11d50a3a" className="NorthwindEF.Tests.QueryTests, NorthwindEF.Tests" name="NestedQuery2" />
    </UnitTest>
    <UnitTest name="CompiledQueryTest1" storage="d:\projects\softserve\fotogallery\dataaccesslayer\efpocoadapter\northwindef.tests\bin\debug\northwindef.tests.dll" id="a64aaa9a-0789-5033-47ec-6f3c52c05b23">
      <Css projectStructure="" iteration="" />
      <Owners>
        <Owner name="" />
      </Owners>
      <Execution id="0382a019-0849-47dc-8017-0de47e2de3eb" />
      <TestMethod codeBase="D:\Projects\Softserve\Fotogallery\DataAccessLayer\EFPocoAdapter\NorthwindEF.Tests\bin\Debug\NorthwindEF.Tests.dll" adapterTypeName="Microsoft.VisualStudio.TestTools.TestTypes.Unit.UnitTestAdapter, Microsoft.VisualStudio.QualityTools.Tips.UnitTest.Adapter, Version=9.0.0.0, Culture=neutral, PublicKeyToken=b03f5f7f11d50a3a" className="NorthwindEF.Tests.CompiledQueryTests, NorthwindEF.Tests" name="CompiledQueryTest1" />
    </UnitTest>
    <UnitTest name="AttachTest2" storage="d:\projects\softserve\fotogallery\dataaccesslayer\efpocoadapter\northwindef.tests\bin\debug\northwindef.tests.dll" id="5448f4be-9ad2-087b-eae6-367addc3505d">
      <Css projectStructure="" iteration="" />
      <Owners>
        <Owner name="" />
      </Owners>
      <Execution id="8e6758bf-f04f-4c9a-8665-97a3fc8f0a93" />
      <TestMethod codeBase="D:\Projects\Softserve\Fotogallery\DataAccessLayer\EFPocoAdapter\NorthwindEF.Tests\bin\Debug\NorthwindEF.Tests.dll" adapterTypeName="Microsoft.VisualStudio.TestTools.TestTypes.Unit.UnitTestAdapter, Microsoft.VisualStudio.QualityTools.Tips.UnitTest.Adapter, Version=9.0.0.0, Culture=neutral, PublicKeyToken=b03f5f7f11d50a3a" className="NorthwindEF.Tests.EntitySetTests, NorthwindEF.Tests" name="AttachTest2" />
    </UnitTest>
    <UnitTest name="WhereTest" storage="d:\projects\softserve\fotogallery\dataaccesslayer\efpocoadapter\northwindef.tests\bin\debug\northwindef.tests.dll" id="ee062bf3-bc2f-09ac-853d-bc665c56be0d">
      <Css projectStructure="" iteration="" />
      <Owners>
        <Owner name="" />
      </Owners>
      <Execution id="cdca8cbd-4a13-403f-b8a6-00078c68140b" />
      <TestMethod codeBase="D:\Projects\Softserve\Fotogallery\DataAccessLayer\EFPocoAdapter\NorthwindEF.Tests\bin\Debug\NorthwindEF.Tests.dll" adapterTypeName="Microsoft.VisualStudio.TestTools.TestTypes.Unit.UnitTestAdapter, Microsoft.VisualStudio.QualityTools.Tips.UnitTest.Adapter, Version=9.0.0.0, Culture=neutral, PublicKeyToken=b03f5f7f11d50a3a" className="NorthwindEF.Tests.BuilderMethodsTests, NorthwindEF.Tests" name="WhereTest" />
    </UnitTest>
    <UnitTest name="CollectionsTest1" storage="d:\projects\softserve\fotogallery\dataaccesslayer\efpocoadapter\northwindef.tests\bin\debug\northwindef.tests.dll" id="c6434e89-683e-a29e-de4c-7b53b7bbef12">
      <Css projectStructure="" iteration="" />
      <Owners>
        <Owner name="" />
      </Owners>
      <Execution id="767af3e4-91f2-42c9-b8aa-717353c3cadb" />
      <TestMethod codeBase="D:\Projects\Softserve\Fotogallery\DataAccessLayer\EFPocoAdapter\NorthwindEF.Tests\bin\Debug\NorthwindEF.Tests.dll" adapterTypeName="Microsoft.VisualStudio.TestTools.TestTypes.Unit.UnitTestAdapter, Microsoft.VisualStudio.QualityTools.Tips.UnitTest.Adapter, Version=9.0.0.0, Culture=neutral, PublicKeyToken=b03f5f7f11d50a3a" className="NorthwindEF.Tests.QueryTests, NorthwindEF.Tests" name="CollectionsTest1" />
    </UnitTest>
    <UnitTest name="ChangeTrackingReference2" storage="d:\projects\softserve\fotogallery\dataaccesslayer\efpocoadapter\northwindef.tests\bin\debug\northwindef.tests.dll" id="7dd610df-5e22-e025-91e7-ac7931cd9cf4">
      <Css projectStructure="" iteration="" />
      <Owners>
        <Owner name="" />
      </Owners>
      <Execution id="9dbddb4e-6b4a-4399-95db-f1102a00308b" />
      <TestMethod codeBase="D:\Projects\Softserve\Fotogallery\DataAccessLayer\EFPocoAdapter\NorthwindEF.Tests\bin\Debug\NorthwindEF.Tests.dll" adapterTypeName="Microsoft.VisualStudio.TestTools.TestTypes.Unit.UnitTestAdapter, Microsoft.VisualStudio.QualityTools.Tips.UnitTest.Adapter, Version=9.0.0.0, Culture=neutral, PublicKeyToken=b03f5f7f11d50a3a" className="NorthwindEF.Tests.ChangeTrackingTests, NorthwindEF.Tests" name="ChangeTrackingReference2" />
    </UnitTest>
    <UnitTest name="QueryOfPrimitiveType1" storage="d:\projects\softserve\fotogallery\dataaccesslayer\efpocoadapter\northwindef.tests\bin\debug\northwindef.tests.dll" id="839da681-0eaa-4006-880b-a3e734034c8b">
      <Css projectStructure="" iteration="" />
      <Owners>
        <Owner name="" />
      </Owners>
      <Execution id="10769b76-a956-4044-9595-a48a45bb59d9" />
      <TestMethod codeBase="D:\Projects\Softserve\Fotogallery\DataAccessLayer\EFPocoAdapter\NorthwindEF.Tests\bin\Debug\NorthwindEF.Tests.dll" adapterTypeName="Microsoft.VisualStudio.TestTools.TestTypes.Unit.UnitTestAdapter, Microsoft.VisualStudio.QualityTools.Tips.UnitTest.Adapter, Version=9.0.0.0, Culture=neutral, PublicKeyToken=b03f5f7f11d50a3a" className="NorthwindEF.Tests.QueryTests, NorthwindEF.Tests" name="QueryOfPrimitiveType1" />
    </UnitTest>
    <UnitTest name="TypeAs" storage="d:\projects\softserve\fotogallery\dataaccesslayer\efpocoadapter\northwindef.tests\bin\debug\northwindef.tests.dll" id="9aab549d-6b7e-0843-4c23-8d9c3fc62948">
      <Css projectStructure="" iteration="" />
      <Owners>
        <Owner name="" />
      </Owners>
      <Execution id="539b5e48-5345-45cf-afd0-3e2ff596beb1" />
      <TestMethod codeBase="D:\Projects\Softserve\Fotogallery\DataAccessLayer\EFPocoAdapter\NorthwindEF.Tests\bin\Debug\NorthwindEF.Tests.dll" adapterTypeName="Microsoft.VisualStudio.TestTools.TestTypes.Unit.UnitTestAdapter, Microsoft.VisualStudio.QualityTools.Tips.UnitTest.Adapter, Version=9.0.0.0, Culture=neutral, PublicKeyToken=b03f5f7f11d50a3a" className="NorthwindEF.Tests.QueryTests, NorthwindEF.Tests" name="TypeAs" />
    </UnitTest>
    <UnitTest name="ExplicitLoadingNegative2" storage="d:\projects\softserve\fotogallery\dataaccesslayer\efpocoadapter\northwindef.tests\bin\debug\northwindef.tests.dll" id="dc121815-49c4-ce47-9acc-ac8cc35bbfef">
      <Css projectStructure="" iteration="" />
      <Owners>
        <Owner name="" />
      </Owners>
      <Execution id="6a395ba8-45cd-452b-8195-bb39ad79e354" />
      <TestMethod codeBase="D:\Projects\Softserve\Fotogallery\DataAccessLayer\EFPocoAdapter\NorthwindEF.Tests\bin\Debug\NorthwindEF.Tests.dll" adapterTypeName="Microsoft.VisualStudio.TestTools.TestTypes.Unit.UnitTestAdapter, Microsoft.VisualStudio.QualityTools.Tips.UnitTest.Adapter, Version=9.0.0.0, Culture=neutral, PublicKeyToken=b03f5f7f11d50a3a" className="NorthwindEF.Tests.LazyLoadingTests, NorthwindEF.Tests" name="ExplicitLoadingNegative2" />
    </UnitTest>
    <UnitTest name="IndexerNegativeTest2" storage="d:\projects\softserve\fotogallery\dataaccesslayer\efpocoadapter\northwindef.tests\bin\debug\northwindef.tests.dll" id="799c3995-2e3b-59cb-a0b5-44a1d264d17a">
      <Css projectStructure="" iteration="" />
      <Owners>
        <Owner name="" />
      </Owners>
      <Execution id="2c023966-9e4e-4a6b-86fe-f5b41d896aa0" />
      <TestMethod codeBase="D:\Projects\Softserve\Fotogallery\DataAccessLayer\EFPocoAdapter\NorthwindEF.Tests\bin\Debug\NorthwindEF.Tests.dll" adapterTypeName="Microsoft.VisualStudio.TestTools.TestTypes.Unit.UnitTestAdapter, Microsoft.VisualStudio.QualityTools.Tips.UnitTest.Adapter, Version=9.0.0.0, Culture=neutral, PublicKeyToken=b03f5f7f11d50a3a" className="NorthwindEF.Tests.CollectionPropertiesTests, NorthwindEF.Tests" name="IndexerNegativeTest2" />
    </UnitTest>
    <UnitTest name="TouchAllMembers" storage="d:\projects\softserve\fotogallery\dataaccesslayer\efpocoadapter\northwindef.tests\bin\debug\northwindef.tests.dll" id="c87c3d6f-31a2-c6a1-0e47-823be60a057f">
      <Css projectStructure="" iteration="" />
      <Owners>
        <Owner name="" />
      </Owners>
      <Execution id="4cb73030-36ab-4451-87de-81efb90c6129" />
      <TestMethod codeBase="D:\Projects\Softserve\Fotogallery\DataAccessLayer\EFPocoAdapter\NorthwindEF.Tests\bin\Debug\NorthwindEF.Tests.dll" adapterTypeName="Microsoft.VisualStudio.TestTools.TestTypes.Unit.UnitTestAdapter, Microsoft.VisualStudio.QualityTools.Tips.UnitTest.Adapter, Version=9.0.0.0, Culture=neutral, PublicKeyToken=b03f5f7f11d50a3a" className="NorthwindEF.Tests.EntitySetTests, NorthwindEF.Tests" name="TouchAllMembers" />
    </UnitTest>
    <UnitTest name="SelectTest" storage="d:\projects\softserve\fotogallery\dataaccesslayer\efpocoadapter\northwindef.tests\bin\debug\northwindef.tests.dll" id="51f2f757-2089-66a4-65f2-06c89ba27dc0">
      <Css projectStructure="" iteration="" />
      <Owners>
        <Owner name="" />
      </Owners>
      <Execution id="e051148b-208a-4b48-807a-931f8f3531b1" />
      <TestMethod codeBase="D:\Projects\Softserve\Fotogallery\DataAccessLayer\EFPocoAdapter\NorthwindEF.Tests\bin\Debug\NorthwindEF.Tests.dll" adapterTypeName="Microsoft.VisualStudio.TestTools.TestTypes.Unit.UnitTestAdapter, Microsoft.VisualStudio.QualityTools.Tips.UnitTest.Adapter, Version=9.0.0.0, Culture=neutral, PublicKeyToken=b03f5f7f11d50a3a" className="NorthwindEF.Tests.BuilderMethodsTests, NorthwindEF.Tests" name="SelectTest" />
    </UnitTest>
    <UnitTest name="ConnectionTest" storage="d:\projects\softserve\fotogallery\dataaccesslayer\efpocoadapter\northwindef.tests\bin\debug\northwindef.tests.dll" id="06f3d3e7-dabf-f73d-88b2-b104c71f82d5">
      <Css projectStructure="" iteration="" />
      <Owners>
        <Owner name="" />
      </Owners>
      <Execution id="2b76c9f4-0617-4817-9377-9fd3a84c44ef" />
      <TestMethod codeBase="D:\Projects\Softserve\Fotogallery\DataAccessLayer\EFPocoAdapter\NorthwindEF.Tests\bin\Debug\NorthwindEF.Tests.dll" adapterTypeName="Microsoft.VisualStudio.TestTools.TestTypes.Unit.UnitTestAdapter, Microsoft.VisualStudio.QualityTools.Tips.UnitTest.Adapter, Version=9.0.0.0, Culture=neutral, PublicKeyToken=b03f5f7f11d50a3a" className="NorthwindEF.Tests.UnitTest1, NorthwindEF.Tests" name="ConnectionTest" />
    </UnitTest>
    <UnitTest name="ExplicitLoading4" storage="d:\projects\softserve\fotogallery\dataaccesslayer\efpocoadapter\northwindef.tests\bin\debug\northwindef.tests.dll" id="a0ef2a73-862e-4472-ce1f-8c5ccb00e31a">
      <Css projectStructure="" iteration="" />
      <Owners>
        <Owner name="" />
      </Owners>
      <Execution id="a0760877-63fa-4bd9-9ce0-065782fbda72" />
      <TestMethod codeBase="D:\Projects\Softserve\Fotogallery\DataAccessLayer\EFPocoAdapter\NorthwindEF.Tests\bin\Debug\NorthwindEF.Tests.dll" adapterTypeName="Microsoft.VisualStudio.TestTools.TestTypes.Unit.UnitTestAdapter, Microsoft.VisualStudio.QualityTools.Tips.UnitTest.Adapter, Version=9.0.0.0, Culture=neutral, PublicKeyToken=b03f5f7f11d50a3a" className="NorthwindEF.Tests.LazyLoadingTests, NorthwindEF.Tests" name="ExplicitLoading4" />
    </UnitTest>
    <UnitTest name="ExplicitLoading3" storage="d:\projects\softserve\fotogallery\dataaccesslayer\efpocoadapter\northwindef.tests\bin\debug\northwindef.tests.dll" id="f002357d-a340-55a5-f5f6-6462095b882c">
      <Css projectStructure="" iteration="" />
      <Owners>
        <Owner name="" />
      </Owners>
      <Execution id="d2977505-aae4-4d33-b092-55e4fccc2bcd" />
      <TestMethod codeBase="D:\Projects\Softserve\Fotogallery\DataAccessLayer\EFPocoAdapter\NorthwindEF.Tests\bin\Debug\NorthwindEF.Tests.dll" adapterTypeName="Microsoft.VisualStudio.TestTools.TestTypes.Unit.UnitTestAdapter, Microsoft.VisualStudio.QualityTools.Tips.UnitTest.Adapter, Version=9.0.0.0, Culture=neutral, PublicKeyToken=b03f5f7f11d50a3a" className="NorthwindEF.Tests.LazyLoadingTests, NorthwindEF.Tests" name="ExplicitLoading3" />
    </UnitTest>
    <UnitTest name="ChangeTrackingUsingProxy2" storage="d:\projects\softserve\fotogallery\dataaccesslayer\efpocoadapter\northwindef.tests\bin\debug\northwindef.tests.dll" id="3eada314-a55d-4407-2cd8-c6b75b6cec1e">
      <Css projectStructure="" iteration="" />
      <Owners>
        <Owner name="" />
      </Owners>
      <Execution id="a3cf8b27-771d-4995-8368-2edd1594d95f" />
      <TestMethod codeBase="D:\Projects\Softserve\Fotogallery\DataAccessLayer\EFPocoAdapter\NorthwindEF.Tests\bin\Debug\NorthwindEF.Tests.dll" adapterTypeName="Microsoft.VisualStudio.TestTools.TestTypes.Unit.UnitTestAdapter, Microsoft.VisualStudio.QualityTools.Tips.UnitTest.Adapter, Version=9.0.0.0, Culture=neutral, PublicKeyToken=b03f5f7f11d50a3a" className="NorthwindEF.Tests.ChangeTrackingTests, NorthwindEF.Tests" name="ChangeTrackingUsingProxy2" />
    </UnitTest>
    <UnitTest name="TopTest" storage="d:\projects\softserve\fotogallery\dataaccesslayer\efpocoadapter\northwindef.tests\bin\debug\northwindef.tests.dll" id="6f946bbe-8302-38bf-1a08-1c9d89cdd679">
      <Css projectStructure="" iteration="" />
      <Owners>
        <Owner name="" />
      </Owners>
      <Execution id="4a092675-1aea-43f5-b369-ed02ef613d8c" />
      <TestMethod codeBase="D:\Projects\Softserve\Fotogallery\DataAccessLayer\EFPocoAdapter\NorthwindEF.Tests\bin\Debug\NorthwindEF.Tests.dll" adapterTypeName="Microsoft.VisualStudio.TestTools.TestTypes.Unit.UnitTestAdapter, Microsoft.VisualStudio.QualityTools.Tips.UnitTest.Adapter, Version=9.0.0.0, Culture=neutral, PublicKeyToken=b03f5f7f11d50a3a" className="NorthwindEF.Tests.BuilderMethodsTests, NorthwindEF.Tests" name="TopTest" />
    </UnitTest>
    <UnitTest name="GenerateAndUsePocoAdapter" storage="d:\projects\softserve\fotogallery\dataaccesslayer\efpocoadapter\northwindef.tests\bin\debug\northwindef.tests.dll" id="5e3205ce-535e-23cf-0093-010e0393036e">
      <Css projectStructure="" iteration="" />
      <Owners>
        <Owner name="" />
      </Owners>
      <Execution id="b32f4f80-b62d-4a35-9e1d-5741feebb88a" />
      <TestMethod codeBase="D:\Projects\Softserve\Fotogallery\DataAccessLayer\EFPocoAdapter\NorthwindEF.Tests\bin\Debug\NorthwindEF.Tests.dll" adapterTypeName="Microsoft.VisualStudio.TestTools.TestTypes.Unit.UnitTestAdapter, Microsoft.VisualStudio.QualityTools.Tips.UnitTest.Adapter, Version=9.0.0.0, Culture=neutral, PublicKeyToken=b03f5f7f11d50a3a" className="NorthwindEF.Tests.AdapterGeneratorTests, NorthwindEF.Tests" name="GenerateAndUsePocoAdapter" />
    </UnitTest>
    <UnitTest name="AddNewMemberTests" storage="d:\projects\softserve\fotogallery\dataaccesslayer\efpocoadapter\northwindef.tests\bin\debug\northwindef.tests.dll" id="97ec2f4f-44f4-7cb1-66dd-78cfa686cc23">
      <Css projectStructure="" iteration="" />
      <Owners>
        <Owner name="" />
      </Owners>
      <Execution id="86ebe912-c64f-4ffe-b02c-7f6eab5847f2" />
      <TestMethod codeBase="D:\Projects\Softserve\Fotogallery\DataAccessLayer\EFPocoAdapter\NorthwindEF.Tests\bin\Debug\NorthwindEF.Tests.dll" adapterTypeName="Microsoft.VisualStudio.TestTools.TestTypes.Unit.UnitTestAdapter, Microsoft.VisualStudio.QualityTools.Tips.UnitTest.Adapter, Version=9.0.0.0, Culture=neutral, PublicKeyToken=b03f5f7f11d50a3a" className="NorthwindEF.Tests.EntitySetTests, NorthwindEF.Tests" name="AddNewMemberTests" />
    </UnitTest>
    <UnitTest name="PublicSurfaceTest1" storage="d:\projects\softserve\fotogallery\dataaccesslayer\efpocoadapter\northwindef.tests\bin\debug\northwindef.tests.dll" id="36a8f38b-62c0-f99c-a3e9-f667aeb44d10">
      <Css projectStructure="" iteration="" />
      <Owners>
        <Owner name="" />
      </Owners>
      <Execution id="c3c5a031-a13e-4a94-899f-946d0d633637" />
      <TestMethod codeBase="D:\Projects\Softserve\Fotogallery\DataAccessLayer\EFPocoAdapter\NorthwindEF.Tests\bin\Debug\NorthwindEF.Tests.dll" adapterTypeName="Microsoft.VisualStudio.TestTools.TestTypes.Unit.UnitTestAdapter, Microsoft.VisualStudio.QualityTools.Tips.UnitTest.Adapter, Version=9.0.0.0, Culture=neutral, PublicKeyToken=b03f5f7f11d50a3a" className="NorthwindEF.Tests.PublicSurfaceTests, NorthwindEF.Tests" name="PublicSurfaceTest1" />
    </UnitTest>
    <UnitTest name="NestedQuery3" storage="d:\projects\softserve\fotogallery\dataaccesslayer\efpocoadapter\northwindef.tests\bin\debug\northwindef.tests.dll" id="6935b1a5-a892-03da-ba51-54ac3b0d0425">
      <Css projectStructure="" iteration="" />
      <Owners>
        <Owner name="" />
      </Owners>
      <Execution id="60425a54-4fb8-496c-98cf-5d88990ea82b" />
      <TestMethod codeBase="D:\Projects\Softserve\Fotogallery\DataAccessLayer\EFPocoAdapter\NorthwindEF.Tests\bin\Debug\NorthwindEF.Tests.dll" adapterTypeName="Microsoft.VisualStudio.TestTools.TestTypes.Unit.UnitTestAdapter, Microsoft.VisualStudio.QualityTools.Tips.UnitTest.Adapter, Version=9.0.0.0, Culture=neutral, PublicKeyToken=b03f5f7f11d50a3a" className="NorthwindEF.Tests.QueryTests, NorthwindEF.Tests" name="NestedQuery3" />
    </UnitTest>
    <UnitTest name="ChangeTrackingReference1" storage="d:\projects\softserve\fotogallery\dataaccesslayer\efpocoadapter\northwindef.tests\bin\debug\northwindef.tests.dll" id="f6ef295e-254d-33ae-8b08-aa1a560111be">
      <Css projectStructure="" iteration="" />
      <Owners>
        <Owner name="" />
      </Owners>
      <Execution id="c04a48d9-c8b1-41e6-ab58-80f375de4c5c" />
      <TestMethod codeBase="D:\Projects\Softserve\Fotogallery\DataAccessLayer\EFPocoAdapter\NorthwindEF.Tests\bin\Debug\NorthwindEF.Tests.dll" adapterTypeName="Microsoft.VisualStudio.TestTools.TestTypes.Unit.UnitTestAdapter, Microsoft.VisualStudio.QualityTools.Tips.UnitTest.Adapter, Version=9.0.0.0, Culture=neutral, PublicKeyToken=b03f5f7f11d50a3a" className="NorthwindEF.Tests.ChangeTrackingTests, NorthwindEF.Tests" name="ChangeTrackingReference1" />
    </UnitTest>
    <UnitTest name="CRUD1" storage="d:\projects\softserve\fotogallery\dataaccesslayer\efpocoadapter\northwindef.tests\bin\debug\northwindef.tests.dll" id="433caed2-d6d4-07c1-25da-6427443148f6">
      <Css projectStructure="" iteration="" />
      <Owners>
        <Owner name="" />
      </Owners>
      <Execution id="8e661b88-aa49-4158-802f-211f4a2443e8" />
      <TestMethod codeBase="D:\Projects\Softserve\Fotogallery\DataAccessLayer\EFPocoAdapter\NorthwindEF.Tests\bin\Debug\NorthwindEF.Tests.dll" adapterTypeName="Microsoft.VisualStudio.TestTools.TestTypes.Unit.UnitTestAdapter, Microsoft.VisualStudio.QualityTools.Tips.UnitTest.Adapter, Version=9.0.0.0, Culture=neutral, PublicKeyToken=b03f5f7f11d50a3a" className="NorthwindEF.Tests.CRUDTests, NorthwindEF.Tests" name="CRUD1" />
    </UnitTest>
    <UnitTest name="LazyLoadingShoundBeDisabledForDetachedEntitites3" storage="d:\projects\softserve\fotogallery\dataaccesslayer\efpocoadapter\northwindef.tests\bin\debug\northwindef.tests.dll" id="d8552ed3-d25d-4518-e4d4-a4e68ac7b2b2">
      <Css projectStructure="" iteration="" />
      <Owners>
        <Owner name="" />
      </Owners>
      <Execution id="990dccbb-cd41-46be-9953-0381efc472d5" />
      <TestMethod codeBase="D:\Projects\Softserve\Fotogallery\DataAccessLayer\EFPocoAdapter\NorthwindEF.Tests\bin\Debug\NorthwindEF.Tests.dll" adapterTypeName="Microsoft.VisualStudio.TestTools.TestTypes.Unit.UnitTestAdapter, Microsoft.VisualStudio.QualityTools.Tips.UnitTest.Adapter, Version=9.0.0.0, Culture=neutral, PublicKeyToken=b03f5f7f11d50a3a" className="NorthwindEF.Tests.LazyLoadingTests, NorthwindEF.Tests" name="LazyLoadingShoundBeDisabledForDetachedEntitites3" />
    </UnitTest>
    <UnitTest name="QueryWithProxiesDisabledTest" storage="d:\projects\softserve\fotogallery\dataaccesslayer\efpocoadapter\northwindef.tests\bin\debug\northwindef.tests.dll" id="53cb3d8c-a3da-c19f-3ddf-a163c52d73e3">
      <Css projectStructure="" iteration="" />
      <Owners>
        <Owner name="" />
      </Owners>
      <Execution id="1b73e253-c310-41bd-8558-b84fe952d2b9" />
      <TestMethod codeBase="D:\Projects\Softserve\Fotogallery\DataAccessLayer\EFPocoAdapter\NorthwindEF.Tests\bin\Debug\NorthwindEF.Tests.dll" adapterTypeName="Microsoft.VisualStudio.TestTools.TestTypes.Unit.UnitTestAdapter, Microsoft.VisualStudio.QualityTools.Tips.UnitTest.Adapter, Version=9.0.0.0, Culture=neutral, PublicKeyToken=b03f5f7f11d50a3a" className="NorthwindEF.Tests.ProxiesTests, NorthwindEF.Tests" name="QueryWithProxiesDisabledTest" />
    </UnitTest>
    <UnitTest name="InsertTest" storage="d:\projects\softserve\fotogallery\dataaccesslayer\efpocoadapter\northwindef.tests\bin\debug\northwindef.tests.dll" id="424d3772-c289-7249-8d88-d5ff41101246">
      <Css projectStructure="" iteration="" />
      <Owners>
        <Owner name="" />
      </Owners>
      <Execution id="8bc26931-e3e6-4dbf-8d92-a7811ef0a8d6" />
      <TestMethod codeBase="D:\Projects\Softserve\Fotogallery\DataAccessLayer\EFPocoAdapter\NorthwindEF.Tests\bin\Debug\NorthwindEF.Tests.dll" adapterTypeName="Microsoft.VisualStudio.TestTools.TestTypes.Unit.UnitTestAdapter, Microsoft.VisualStudio.QualityTools.Tips.UnitTest.Adapter, Version=9.0.0.0, Culture=neutral, PublicKeyToken=b03f5f7f11d50a3a" className="NorthwindEF.Tests.CollectionPropertiesTests, NorthwindEF.Tests" name="InsertTest" />
    </UnitTest>
    <UnitTest name="AttachTest" storage="d:\projects\softserve\fotogallery\dataaccesslayer\efpocoadapter\northwindef.tests\bin\debug\northwindef.tests.dll" id="f56e0139-5ff0-7ddb-3d5a-6da63eafee08">
      <Css projectStructure="" iteration="" />
      <Owners>
        <Owner name="" />
      </Owners>
      <Execution id="f5e92acb-589e-4a2a-a741-22eed19715b4" />
      <TestMethod codeBase="D:\Projects\Softserve\Fotogallery\DataAccessLayer\EFPocoAdapter\NorthwindEF.Tests\bin\Debug\NorthwindEF.Tests.dll" adapterTypeName="Microsoft.VisualStudio.TestTools.TestTypes.Unit.UnitTestAdapter, Microsoft.VisualStudio.QualityTools.Tips.UnitTest.Adapter, Version=9.0.0.0, Culture=neutral, PublicKeyToken=b03f5f7f11d50a3a" className="NorthwindEF.Tests.EntitySetTests, NorthwindEF.Tests" name="AttachTest" />
    </UnitTest>
    <UnitTest name="CRUD2" storage="d:\projects\softserve\fotogallery\dataaccesslayer\efpocoadapter\northwindef.tests\bin\debug\northwindef.tests.dll" id="e9fc80f7-7a3f-5d49-0eb8-88837b346b7a">
      <Css projectStructure="" iteration="" />
      <Owners>
        <Owner name="" />
      </Owners>
      <Execution id="e0cc5ac3-d294-446e-8190-4854640c5cb1" />
      <TestMethod codeBase="D:\Projects\Softserve\Fotogallery\DataAccessLayer\EFPocoAdapter\NorthwindEF.Tests\bin\Debug\NorthwindEF.Tests.dll" adapterTypeName="Microsoft.VisualStudio.TestTools.TestTypes.Unit.UnitTestAdapter, Microsoft.VisualStudio.QualityTools.Tips.UnitTest.Adapter, Version=9.0.0.0, Culture=neutral, PublicKeyToken=b03f5f7f11d50a3a" className="NorthwindEF.Tests.CRUDTests, NorthwindEF.Tests" name="CRUD2" />
    </UnitTest>
    <UnitTest name="ChangeTrackingByteArray1" storage="d:\projects\softserve\fotogallery\dataaccesslayer\efpocoadapter\northwindef.tests\bin\debug\northwindef.tests.dll" id="a46e958f-e7a9-95e1-ffcd-63d08022f16e">
      <Css projectStructure="" iteration="" />
      <Owners>
        <Owner name="" />
      </Owners>
      <Execution id="3ce731fb-5f4d-4781-b4bf-c4b87c842e41" />
      <TestMethod codeBase="D:\Projects\Softserve\Fotogallery\DataAccessLayer\EFPocoAdapter\NorthwindEF.Tests\bin\Debug\NorthwindEF.Tests.dll" adapterTypeName="Microsoft.VisualStudio.TestTools.TestTypes.Unit.UnitTestAdapter, Microsoft.VisualStudio.QualityTools.Tips.UnitTest.Adapter, Version=9.0.0.0, Culture=neutral, PublicKeyToken=b03f5f7f11d50a3a" className="NorthwindEF.Tests.ChangeTrackingTests, NorthwindEF.Tests" name="ChangeTrackingByteArray1" />
    </UnitTest>
    <UnitTest name="ProjectReferences2" storage="d:\projects\softserve\fotogallery\dataaccesslayer\efpocoadapter\northwindef.tests\bin\debug\northwindef.tests.dll" id="71d5f3b0-a4af-b7e4-4128-f2034f85966b">
      <Css projectStructure="" iteration="" />
      <Owners>
        <Owner name="" />
      </Owners>
      <Execution id="e40e5789-aa42-4809-b322-9e90c97cea1c" />
      <TestMethod codeBase="D:\Projects\Softserve\Fotogallery\DataAccessLayer\EFPocoAdapter\NorthwindEF.Tests\bin\Debug\NorthwindEF.Tests.dll" adapterTypeName="Microsoft.VisualStudio.TestTools.TestTypes.Unit.UnitTestAdapter, Microsoft.VisualStudio.QualityTools.Tips.UnitTest.Adapter, Version=9.0.0.0, Culture=neutral, PublicKeyToken=b03f5f7f11d50a3a" className="NorthwindEF.Tests.QueryTests, NorthwindEF.Tests" name="ProjectReferences2" />
    </UnitTest>
    <UnitTest name="ExplicitLoadingNegative5" storage="d:\projects\softserve\fotogallery\dataaccesslayer\efpocoadapter\northwindef.tests\bin\debug\northwindef.tests.dll" id="ee2fbafa-0298-ef28-7dff-c755e4ea89d9">
      <Css projectStructure="" iteration="" />
      <Owners>
        <Owner name="" />
      </Owners>
      <Execution id="3577ff97-da48-4465-9782-d4dd2cab414f" />
[...]
      <Output>
        <ErrorInfo>
          <Message>Test method NorthwindEF.Tests.ReferencePropertiesTests.SimpleLoad threw exception:  System.Data.EntityException: The underlying provider failed on Open. ---&gt;  System.Data.SqlClient.SqlException: Cannot open database "NorthwindEF" requested by the login. The login failed.
Login failed for user 'prizrak\korwin'..</Message>
          <StackTrace>    at System.Data.ProviderBase.DbConnectionPool.GetConnection(DbConnection owningObject)
   at System.Data.ProviderBase.DbConnectionFactory.GetConnection(DbConnection owningConnection)
   at System.Data.ProviderBase.DbConnectionClosed.OpenConnection(DbConnection outerConnection, DbConnectionFactory connectionFactory)
   at System.Data.SqlClient.SqlConnection.Open()
   at System.Data.EntityClient.EntityConnection.OpenStoreConnectionIf(Boolean openCondition, DbConnection storeConnectionToOpen, DbConnection originalConnection, String exceptionCode, String attemptedOperation, Boolean&amp; closeStoreConnectionOnFailure)
 --- End of inner exception stack trace ---
    at System.Data.EntityClient.EntityConnection.OpenStoreConnectionIf(Boolean openCondition, DbConnection storeConnectionToOpen, DbConnection originalConnection, String exceptionCode, String attemptedOperation, Boolean&amp; closeStoreConnectionOnFailure)
   at System.Data.EntityClient.EntityConnection.Open()
   at System.Data.Objects.ObjectContext.EnsureConnection()
   at System.Data.Objects.ObjectQuery`1.GetResults(Nullable`1 forMergeOption)
   at System.Data.Objects.ObjectQuery`1.System.Collections.Generic.IEnumerable&lt;T&gt;.GetEnumerator()
   at System.Data.Objects.ObjectQuery`1.GetEnumeratorInternal()
   at System.Data.Objects.ObjectQuery.System.Collections.IEnumerable.GetEnumerator()
   at System.Linq.Enumerable.&lt;CastIterator&gt;d__aa`1.MoveNext()
   at System.Linq.Enumerable.First[TSource](IEnumerable`1 source)
   at System.Data.Objects.ELinq.ObjectQueryProvider.&lt;GetElementFunction&gt;b__0[TResult](IEnumerable`1 sequence)
   at System.Data.Objects.ELinq.ObjectQueryProvider.ExecuteSingle[TResult](IEnumerable`1 query, Expression queryRoot)
   at System.Data.Objects.ELinq.ObjectQueryProvider.System.Linq.IQueryProvider.Execute(Expression expression)
   at EFPocoAdapter.EFPocoQueryProvider.Execute[TResult](Expression expression) in D:\Projects\Softserve\Fotogallery\DataAccessLayer\EFPocoAdapter\EFPocoAdapter\EFPocoQueryProvider.cs:line 47
   at System.Linq.Queryable.First[TSource](IQueryable`1 source, Expression`1 predicate)
   at NorthwindEF.Tests.ReferencePropertiesTests.SimpleLoad() in D:\Projects\Softserve\Fotogallery\DataAccessLayer\EFPocoAdapter\NorthwindEF.Tests\ReferencePropertiesTests.cs:line 24
</StackTrace>
        </ErrorInfo>
      </Output>
    </UnitTestResult>
    <UnitTestResult executionId="385933fa-f095-40c5-a510-28db62a44328" testId="df44393a-c6a3-a82f-84f1-6e5633ca652b" testName="LoadWithInclude" computerName="PRIZRAK" duration="00:00:00.0393771" startTime="2011-03-20T22:08:01.6163230+02:00" endTime="2011-03-20T22:08:01.6633257+02:00" testType="13cdc9d9-ddb5-4fa4-a97d-d965ccfc6d4b" outcome="Failed" testListId="8c84fa94-04c1-424b-9868-57a2d4851a1d">
      <Output>
        <ErrorInfo>
          <Message>Test method NorthwindEF.Tests.ReferencePropertiesTests.LoadWithInclude threw exception:  System.Data.EntityException: The underlying provider failed on Open. ---&gt;  System.Data.SqlClient.SqlException: Cannot open database "NorthwindEF" requested by the login. The login failed.
Login failed for user 'prizrak\korwin'..</Message>
          <StackTrace>    at System.Data.ProviderBase.DbConnectionPool.GetConnection(DbConnection owningObject)
   at System.Data.ProviderBase.DbConnectionFactory.GetConnection(DbConnection owningConnection)
   at System.Data.ProviderBase.DbConnectionClosed.OpenConnection(DbConnection outerConnection, DbConnectionFactory connectionFactory)
   at System.Data.SqlClient.SqlConnection.Open()
   at System.Data.EntityClient.EntityConnection.OpenStoreConnectionIf(Boolean openCondition, DbConnection storeConnectionToOpen, DbConnection originalConnection, String exceptionCode, String attemptedOperation, Boolean&amp; closeStoreConnectionOnFailure)
 --- End of inner exception stack trace ---
    at System.Data.EntityClient.EntityConnection.OpenStoreConnectionIf(Boolean openCondition, DbConnection storeConnectionToOpen, DbConnection originalConnection, String exceptionCode, String attemptedOperation, Boolean&amp; closeStoreConnectionOnFailure)
   at System.Data.EntityClient.EntityConnection.Open()
   at System.Data.Objects.ObjectContext.EnsureConnection()
   at System.Data.Objects.ObjectQuery`1.GetResults(Nullable`1 forMergeOption)
   at System.Data.Objects.ObjectQuery`1.System.Collections.Generic.IEnumerable&lt;T&gt;.GetEnumerator()
   at System.Data.Objects.ObjectQuery`1.GetEnumeratorInternal()
   at System.Data.Objects.ObjectQuery.System.Collections.IEnumerable.GetEnumerator()
   at System.Linq.Enumerable.&lt;CastIterator&gt;d__aa`1.MoveNext()
   at System.Linq.Enumerable.First[TSource](IEnumerable`1 source)
   at System.Data.Objects.ELinq.ObjectQueryProvider.&lt;GetElementFunction&gt;b__0[TResult](IEnumerable`1 sequence)
   at System.Data.Objects.ELinq.ObjectQueryProvider.ExecuteSingle[TResult](IEnumerable`1 query, Expression queryRoot)
   at System.Data.Objects.ELinq.ObjectQueryProvider.System.Linq.IQueryProvider.Execute(Expression expression)
   at EFPocoAdapter.EFPocoQueryProvider.Execute[TResult](Expression expression) in D:\Projects\Softserve\Fotogallery\DataAccessLayer\EFPocoAdapter\EFPocoAdapter\EFPocoQueryProvider.cs:line 47
   at System.Linq.Queryable.First[TSource](IQueryable`1 source, Expression`1 predicate)
   at NorthwindEF.Tests.ReferencePropertiesTests.LoadWithInclude() in D:\Projects\Softserve\Fotogallery\DataAccessLayer\EFPocoAdapter\NorthwindEF.Tests\ReferencePropertiesTests.cs:line 34
</StackTrace>
        </ErrorInfo>
      </Output>
    </UnitTestResult>
    <UnitTestResult executionId="2fc30ff4-55bb-4ff8-bf15-2b43246ccd31" testId="0536652a-a34a-1a5e-4720-fd8e1cdd024b" testName="AutoWireUp1" computerName="PRIZRAK" duration="00:00:00.0381210" startTime="2011-03-20T22:08:01.6783265+02:00" endTime="2011-03-20T22:08:01.7233291+02:00" testType="13cdc9d9-ddb5-4fa4-a97d-d965ccfc6d4b" outcome="Failed" testListId="8c84fa94-04c1-424b-9868-57a2d4851a1d">
      <Output>
        <ErrorInfo>
          <Message>Test method NorthwindEF.Tests.ReferencePropertiesTests.AutoWireUp1 threw exception:  System.Data.EntityException: The underlying provider failed on Open. ---&gt;  System.Data.SqlClient.SqlException: Cannot open database "NorthwindEF" requested by the login. The login failed.
Login failed for user 'prizrak\korwin'..</Message>
          <StackTrace>    at System.Data.ProviderBase.DbConnectionPool.GetConnection(DbConnection owningObject)
   at System.Data.ProviderBase.DbConnectionFactory.GetConnection(DbConnection owningConnection)
   at System.Data.ProviderBase.DbConnectionClosed.OpenConnection(DbConnection outerConnection, DbConnectionFactory connectionFactory)
   at System.Data.SqlClient.SqlConnection.Open()
   at System.Data.EntityClient.EntityConnection.OpenStoreConnectionIf(Boolean openCondition, DbConnection storeConnectionToOpen, DbConnection originalConnection, String exceptionCode, String attemptedOperation, Boolean&amp; closeStoreConnectionOnFailure)
 --- End of inner exception stack trace ---
    at System.Data.EntityClient.EntityConnection.OpenStoreConnectionIf(Boolean openCondition, DbConnection storeConnectionToOpen, DbConnection originalConnection, String exceptionCode, String attemptedOperation, Boolean&amp; closeStoreConnectionOnFailure)
   at System.Data.EntityClient.EntityConnection.Open()
   at System.Data.Objects.ObjectContext.EnsureConnection()
   at System.Data.Objects.ObjectQuery`1.GetResults(Nullable`1 forMergeOption)
   at System.Data.Objects.ObjectQuery`1.System.Collections.Generic.IEnumerable&lt;T&gt;.GetEnumerator()
   at EFPocoAdapter.Internal.QueryTranslator.EnumeratorConverter`2.&lt;Convert&gt;d__f.MoveNext() in D:\Projects\Softserve\Fotogallery\DataAccessLayer\EFPocoAdapter\EFPocoAdapter\Internal\QueryTranslator.cs:line 61
   at System.Linq.Buffer`1..ctor(IEnumerable`1 source)
   at System.Linq.Enumerable.ToArray[TSource](IEnumerable`1 source)
   at NorthwindEF.Tests.ReferencePropertiesTests.AutoWireUp1() in D:\Projects\Softserve\Fotogallery\DataAccessLayer\EFPocoAdapter\NorthwindEF.Tests\ReferencePropertiesTests.cs:line 55
</StackTrace>
        </ErrorInfo>
      </Output>
    </UnitTestResult>
    <UnitTestResult executionId="67440ad5-c019-40fc-9617-0d878b915c1e" testId="11fe18b1-73b7-5606-8c65-158ed0a650cc" testName="AutoWireUp2" computerName="PRIZRAK" duration="00:00:00.0385059" startTime="2011-03-20T22:08:01.7423302+02:00" endTime="2011-03-20T22:08:01.7883328+02:00" testType="13cdc9d9-ddb5-4fa4-a97d-d965ccfc6d4b" outcome="Failed" testListId="8c84fa94-04c1-424b-9868-57a2d4851a1d">
      <Output>
        <ErrorInfo>
          <Message>Test method NorthwindEF.Tests.ReferencePropertiesTests.AutoWireUp2 threw exception:  System.Data.EntityException: The underlying provider failed on Open. ---&gt;  System.Data.SqlClient.SqlException: Cannot open database "NorthwindEF" requested by the login. The login failed.
Login failed for user 'prizrak\korwin'..</Message>
          <StackTrace>    at System.Data.ProviderBase.DbConnectionPool.GetConnection(DbConnection owningObject)
   at System.Data.ProviderBase.DbConnectionFactory.GetConnection(DbConnection owningConnection)
   at System.Data.ProviderBase.DbConnectionClosed.OpenConnection(DbConnection outerConnection, DbConnectionFactory connectionFactory)
   at System.Data.SqlClient.SqlConnection.Open()
   at System.Data.EntityClient.EntityConnection.OpenStoreConnectionIf(Boolean openCondition, DbConnection storeConnectionToOpen, DbConnection originalConnection, String exceptionCode, String attemptedOperation, Boolean&amp; closeStoreConnectionOnFailure)
 --- End of inner exception stack trace ---
    at System.Data.EntityClient.EntityConnection.OpenStoreConnectionIf(Boolean openCondition, DbConnection storeConnectionToOpen, DbConnection originalConnection, String exceptionCode, String attemptedOperation, Boolean&amp; closeStoreConnectionOnFailure)
   at System.Data.EntityClient.EntityConnection.Open()
   at System.Data.Objects.ObjectContext.EnsureConnection()
   at System.Data.Objects.ObjectQuery`1.GetResults(Nullable`1 forMergeOption)
   at System.Data.Objects.ObjectQuery`1.System.Collections.Generic.IEnumerable&lt;T&gt;.GetEnumerator()
   at EFPocoAdapter.Internal.QueryTranslator.EnumeratorConverter`2.&lt;Convert&gt;d__f.MoveNext() in D:\Projects\Softserve\Fotogallery\DataAccessLayer\EFPocoAdapter\EFPocoAdapter\Internal\QueryTranslator.cs:line 61
   at System.Linq.Buffer`1..ctor(IEnumerable`1 source)
   at System.Linq.Enumerable.ToArray[TSource](IEnumerable`1 source)
   at NorthwindEF.Tests.ReferencePropertiesTests.AutoWireUp2() in D:\Projects\Softserve\Fotogallery\DataAccessLayer\EFPocoAdapter\NorthwindEF.Tests\ReferencePropertiesTests.cs:line 78
</StackTrace>
        </ErrorInfo>
      </Output>
    </UnitTestResult>
    <UnitTestResult executionId="1a3d706c-1004-4d41-832e-ae4d14d02df5" testId="507dc209-89a0-4ee4-1a44-81d3b4a17001" testName="SimpleLoad1" computerName="PRIZRAK" duration="00:00:00.0402015" startTime="2011-03-20T22:08:01.8063338+02:00" endTime="2011-03-20T22:08:01.8533365+02:00" testType="13cdc9d9-ddb5-4fa4-a97d-d965ccfc6d4b" outcome="Failed" testListId="8c84fa94-04c1-424b-9868-57a2d4851a1d">
      <Output>
        <ErrorInfo>
          <Message>Test method NorthwindEF.Tests.UnitTest1.SimpleLoad1 threw exception:  System.Data.EntityException: The underlying provider failed on Open. ---&gt;  System.Data.SqlClient.SqlException: Cannot open database "NorthwindEF" requested by the login. The login failed.
Login failed for user 'prizrak\korwin'..</Message>
          <StackTrace>    at System.Data.ProviderBase.DbConnectionPool.GetConnection(DbConnection owningObject)
   at System.Data.ProviderBase.DbConnectionFactory.GetConnection(DbConnection owningConnection)
   at System.Data.ProviderBase.DbConnectionClosed.OpenConnection(DbConnection outerConnection, DbConnectionFactory connectionFactory)
   at System.Data.SqlClient.SqlConnection.Open()
   at System.Data.EntityClient.EntityConnection.OpenStoreConnectionIf(Boolean openCondition, DbConnection storeConnectionToOpen, DbConnection originalConnection, String exceptionCode, String attemptedOperation, Boolean&amp; closeStoreConnectionOnFailure)
 --- End of inner exception stack trace ---
    at System.Data.EntityClient.EntityConnection.OpenStoreConnectionIf(Boolean openCondition, DbConnection storeConnectionToOpen, DbConnection originalConnection, String exceptionCode, String attemptedOperation, Boolean&amp; closeStoreConnectionOnFailure)
   at System.Data.EntityClient.EntityConnection.Open()
   at System.Data.Objects.ObjectContext.EnsureConnection()
   at System.Data.Objects.ObjectQuery`1.GetResults(Nullable`1 forMergeOption)
   at System.Data.Objects.ObjectQuery`1.System.Collections.Generic.IEnumerable&lt;T&gt;.GetEnumerator()
   at System.Data.Objects.ObjectQuery`1.GetEnumeratorInternal()
   at System.Data.Objects.ObjectQuery.System.Collections.IEnumerable.GetEnumerator()
   at System.Linq.Enumerable.&lt;CastIterator&gt;d__aa`1.MoveNext()
   at System.Linq.Enumerable.First[TSource](IEnumerable`1 source)
   at System.Data.Objects.ELinq.ObjectQueryProvider.&lt;GetElementFunction&gt;b__0[TResult](IEnumerable`1 sequence)
   at System.Data.Objects.ELinq.ObjectQueryProvider.ExecuteSingle[TResult](IEnumerable`1 query, Expression queryRoot)
   at System.Data.Objects.ELinq.ObjectQueryProvider.System.Linq.IQueryProvider.Execute(Expression expression)
   at EFPocoAdapter.EFPocoQueryProvider.Execute[TResult](Expression expression) in D:\Projects\Softserve\Fotogallery\DataAccessLayer\EFPocoAdapter\EFPocoAdapter\EFPocoQueryProvider.cs:line 47
   at System.Linq.Queryable.First[TSource](IQueryable`1 source, Expression`1 predicate)
   at NorthwindEF.Tests.UnitTest1.SimpleLoad1() in D:\Projects\Softserve\Fotogallery\DataAccessLayer\EFPocoAdapter\NorthwindEF.Tests\UnitTest1.cs:line 30
</StackTrace>
        </ErrorInfo>
      </Output>
    </UnitTestResult>
    <UnitTestResult executionId="04dfa3ae-5f4f-4ce8-9aed-4986ab71f333" testId="cd131dd4-85bd-b5e9-21cd-5a7402507692" testName="CreateObject" computerName="PRIZRAK" duration="00:00:00.0044992" startTime="2011-03-20T22:08:01.8693374+02:00" endTime="2011-03-20T22:08:01.8803381+02:00" testType="13cdc9d9-ddb5-4fa4-a97d-d965ccfc6d4b" outcome="Passed" testListId="8c84fa94-04c1-424b-9868-57a2d4851a1d">
      <Output>
      </Output>
    </UnitTestResult>
    <UnitTestResult executionId="7dd88728-edb9-4da9-b9e7-45b38e086149" testId="0bd4d244-f566-2beb-c852-9c3ae10958cd" testName="MetadataWorkspaceTest" computerName="PRIZRAK" duration="00:00:00.0027323" startTime="2011-03-20T22:08:01.8903386+02:00" endTime="2011-03-20T22:08:01.8993392+02:00" testType="13cdc9d9-ddb5-4fa4-a97d-d965ccfc6d4b" outcome="Passed" testListId="8c84fa94-04c1-424b-9868-57a2d4851a1d">
      <Output>
      </Output>
    </UnitTestResult>
    <UnitTestResult executionId="de93b18f-5be8-482a-b54f-1c8123f16bd5" testId="01cf82ba-4a31-70c6-2803-876024d73086" testName="WrappedContextTests" computerName="PRIZRAK" duration="00:00:00.0370701" startTime="2011-03-20T22:08:01.9113398+02:00" endTime="2011-03-20T22:08:01.9543423+02:00" testType="13cdc9d9-ddb5-4fa4-a97d-d965ccfc6d4b" outcome="Failed" testListId="8c84fa94-04c1-424b-9868-57a2d4851a1d">
      <Output>
        <ErrorInfo>
          <Message>Test method NorthwindEF.Tests.UnitTest1.WrappedContextTests threw exception:  System.Data.EntityException: The underlying provider failed on Open. ---&gt;  System.Data.SqlClient.SqlException: Cannot open database "NorthwindEF" requested by the login. The login failed.
Login failed for user 'prizrak\korwin'..</Message>
          <StackTrace>    at System.Data.ProviderBase.DbConnectionPool.GetConnection(DbConnection owningObject)
   at System.Data.ProviderBase.DbConnectionFactory.GetConnection(DbConnection owningConnection)
   at System.Data.ProviderBase.DbConnectionClosed.OpenConnection(DbConnection outerConnection, DbConnectionFactory connectionFactory)
   at System.Data.SqlClient.SqlConnection.Open()
   at System.Data.EntityClient.EntityConnection.OpenStoreConnectionIf(Boolean openCondition, DbConnection storeConnectionToOpen, DbConnection originalConnection, String exceptionCode, String attemptedOperation, Boolean&amp; closeStoreConnectionOnFailure)
 --- End of inner exception stack trace ---
    at System.Data.EntityClient.EntityConnection.OpenStoreConnectionIf(Boolean openCondition, DbConnection storeConnectionToOpen, DbConnection originalConnection, String exceptionCode, String attemptedOperation, Boolean&amp; closeStoreConnectionOnFailure)
   at System.Data.EntityClient.EntityConnection.Open()
   at System.Data.Objects.ObjectContext.EnsureConnection()
   at System.Data.Objects.ObjectQuery`1.GetResults(Nullable`1 forMergeOption)
   at System.Data.Objects.ObjectQuery`1.System.Collections.Generic.IEnumerable&lt;T&gt;.GetEnumerator()
   at System.Linq.Enumerable.First[TSource](IEnumerable`1 source)
   at System.Data.Objects.ELinq.ObjectQueryProvider.&lt;GetElementFunction&gt;b__0[TResult](IEnumerable`1 sequence)
   at System.Data.Objects.ELinq.ObjectQueryProvider.ExecuteSingle[TResult](IEnumerable`1 query, Expression queryRoot)
   at System.Data.Objects.ELinq.ObjectQueryProvider.System.Linq.IQueryProvider.Execute[S](Expression expression)
   at System.Linq.Queryable.First[TSource](IQueryable`1 source, Expression`1 predicate)
   at NorthwindEF.Tests.UnitTest1.WrappedContextTests() in D:\Projects\Softserve\Fotogallery\DataAccessLayer\EFPocoAdapter\NorthwindEF.Tests\UnitTest1.cs:line 66
</StackTrace>
        </ErrorInfo>
      </Output>
    </UnitTestResult>
    <UnitTestResult executionId="10205e3d-664c-4a7b-913b-d0018bf8f709" testId="6539fc59-6fd5-dc7e-42a0-81298303d1f4" testName="UnattachedOperationsOnAdapters" computerName="PRIZRAK" duration="00:00:00.0093820" startTime="2011-03-20T22:08:01.9713433+02:00" endTime="2011-03-20T22:08:01.9883443+02:00" testType="13cdc9d9-ddb5-4fa4-a97d-d965ccfc6d4b" outcome="Passed" testListId="8c84fa94-04c1-424b-9868-57a2d4851a1d">
      <Output>
      </Output>
    </UnitTestResult>
    <UnitTestResult executionId="2b76c9f4-0617-4817-9377-9fd3a84c44ef" testId="06f3d3e7-dabf-f73d-88b2-b104c71f82d5" testName="ConnectionTest" computerName="PRIZRAK" duration="00:00:00.0025373" startTime="2011-03-20T22:08:01.9993449+02:00" endTime="2011-03-20T22:08:02.0083454+02:00" testType="13cdc9d9-ddb5-4fa4-a97d-d965ccfc6d4b" outcome="Passed" testListId="8c84fa94-04c1-424b-9868-57a2d4851a1d">
      <Output>
      </Output>
    </UnitTestResult>
    <UnitTestResult executionId="11945ac3-e263-443b-8704-e1554b44de1e" testId="a5710961-d06a-9400-ae34-654f0f5776e2" testName="PersistenceAwareObjectNegativeTest" computerName="PRIZRAK" duration="00:00:00.0123954" startTime="2011-03-20T22:08:02.0183460+02:00" endTime="2011-03-20T22:08:02.0383471+02:00" testType="13cdc9d9-ddb5-4fa4-a97d-d965ccfc6d4b" outcome="Passed" testListId="8c84fa94-04c1-424b-9868-57a2d4851a1d">
      <Output>
      </Output>
    </UnitTestResult>
  </Results>
</TestRun>